2025-03-16 20:45:28.3394|INFO|SprayProcessSCADASystemOnWinform.FrmMain|关闭系统 
2025-03-16 21:02:58.5150|INFO|SprayProcessSCADASystemOnWinform.FrmMain|初始化侧边栏菜单成功 
2025-03-16 21:02:58.5308|INFO|SprayProcessSCADASystemOnWinform.FrmMain|初始化顶部菜单栏成功 
2025-03-16 21:02:58.5349|INFO|SprayProcessSCADASystemOnWinform.FrmMain|读取INI配置文件成功 
2025-03-16 21:03:44.4997|INFO|SprayProcessSCADASystemOnWinform.FrmMain|初始化侧边栏菜单成功 
2025-03-16 21:03:44.5142|INFO|SprayProcessSCADASystemOnWinform.FrmMain|初始化顶部菜单栏成功 
2025-03-16 21:08:18.6334|INFO|SprayProcessSCADASystemOnWinform.FrmMain|初始化侧边栏菜单成功 
2025-03-16 21:08:18.6460|INFO|SprayProcessSCADASystemOnWinform.FrmMain|初始化顶部菜单栏成功 
2025-03-16 21:08:18.6591|INFO|SprayProcessSCADASystemOnWinform.FrmMain|读取INI配置文件成功 
2025-03-16 21:09:18.9753|INFO|SprayProcessSCADASystemOnWinform.FrmMain|初始化侧边栏菜单成功 
2025-03-16 21:09:18.9872|INFO|SprayProcessSCADASystemOnWinform.FrmMain|初始化顶部菜单栏成功 
2025-03-16 21:09:18.9872|INFO|SprayProcessSCADASystemOnWinform.FrmMain|读取INI配置文件成功 
2025-03-16 21:09:25.4218|INFO|SprayProcessSCADASystemOnWinform.FrmMain|关闭系统 
2025-03-16 21:11:55.5925|INFO|SprayProcessSCADASystemOnWinform.FrmMain|初始化侧边栏菜单成功 
2025-03-16 21:11:55.6058|INFO|SprayProcessSCADASystemOnWinform.FrmMain|初始化顶部菜单栏成功 
2025-03-16 21:11:55.6058|INFO|SprayProcessSCADASystemOnWinform.FrmMain|读取INI配置文件成功 
2025-03-16 21:12:09.2928|INFO|SprayProcessSCADASystemOnWinform.FrmMain|初始化侧边栏菜单成功 
2025-03-16 21:12:09.3044|INFO|SprayProcessSCADASystemOnWinform.FrmMain|初始化顶部菜单栏成功 
2025-03-16 21:12:09.3044|INFO|SprayProcessSCADASystemOnWinform.FrmMain|读取INI配置文件成功 
2025-03-16 21:12:42.9324|INFO|SprayProcessSCADASystemOnWinform.FrmMain|初始化侧边栏菜单成功 
2025-03-16 21:12:42.9454|INFO|SprayProcessSCADASystemOnWinform.FrmMain|初始化顶部菜单栏成功 
2025-03-16 21:12:42.9454|INFO|SprayProcessSCADASystemOnWinform.FrmMain|读取INI配置文件成功 
2025-03-16 21:36:31.4260|INFO|SprayProcessSCADASystemOnWinform.FrmMain|初始化侧边栏菜单成功 
2025-03-16 21:36:31.4260|INFO|SprayProcessSCADASystemOnWinform.FrmMain|初始化顶部菜单栏成功 
2025-03-16 21:36:31.4489|INFO|SprayProcessSCADASystemOnWinform.FrmMain|读取INI配置文件成功 
2025-03-16 21:36:39.6719|INFO|SprayProcessSCADASystemOnWinform.FrmMain|关闭系统 
2025-03-16 21:36:50.1377|INFO|SprayProcessSCADASystemOnWinform.FrmMain|初始化侧边栏菜单成功 
2025-03-16 21:36:50.1519|INFO|SprayProcessSCADASystemOnWinform.FrmMain|初始化顶部菜单栏成功 
2025-03-16 21:36:50.1519|INFO|SprayProcessSCADASystemOnWinform.FrmMain|读取INI配置文件成功 
2025-03-16 21:36:57.5137|INFO|SprayProcessSCADASystemOnWinform.FrmMain|关闭系统 
2025-03-16 21:39:38.4367|INFO|SprayProcessSCADASystemOnWinform.FrmMain|初始化侧边栏菜单成功 
2025-03-16 21:39:38.4486|INFO|SprayProcessSCADASystemOnWinform.FrmMain|初始化顶部菜单栏成功 
2025-03-16 21:39:38.4486|INFO|SprayProcessSCADASystemOnWinform.FrmMain|读取INI配置文件成功 
2025-03-16 21:39:38.5414|INFO|SprayProcessSCADASystemOnWinform.FrmMain|初始化PLC客户端成功 
2025-03-16 21:40:25.6255|INFO|SprayProcessSCADASystemOnWinform.FrmMain|初始化侧边栏菜单成功 
2025-03-16 21:40:25.6378|INFO|SprayProcessSCADASystemOnWinform.FrmMain|初始化顶部菜单栏成功 
2025-03-16 21:40:25.6378|INFO|SprayProcessSCADASystemOnWinform.FrmMain|读取INI配置文件成功 
2025-03-16 21:40:25.7308|INFO|SprayProcessSCADASystemOnWinform.FrmMain|初始化PLC客户端成功 
2025-03-16 21:40:32.9826|INFO|SprayProcessSCADASystemOnWinform.PageTotalEquipmentControl|加载权限成功 
2025-03-16 21:40:32.9826|INFO|SprayProcessSCADASystemOnWinform.PageTotalEquipmentControl|加载权限成功 
2025-03-16 21:40:32.9826|INFO|SprayProcessSCADASystemOnWinform.PageTotalEquipmentControl|加载权限成功 
2025-03-16 21:40:35.3635|INFO|SprayProcessSCADASystemOnWinform.FrmMain|关闭系统 
2025-03-16 21:40:50.2779|INFO|SprayProcessSCADASystemOnWinform.FrmMain|初始化侧边栏菜单成功 
2025-03-16 21:40:50.2911|INFO|SprayProcessSCADASystemOnWinform.FrmMain|初始化顶部菜单栏成功 
2025-03-16 21:40:50.2911|INFO|SprayProcessSCADASystemOnWinform.FrmMain|读取INI配置文件成功 
2025-03-16 21:41:07.0394|INFO|SprayProcessSCADASystemOnWinform.FrmMain|初始化侧边栏菜单成功 
2025-03-16 21:41:07.0737|INFO|SprayProcessSCADASystemOnWinform.FrmMain|初始化顶部菜单栏成功 
2025-03-16 21:41:07.0876|INFO|SprayProcessSCADASystemOnWinform.FrmMain|读取INI配置文件成功 
2025-03-16 21:41:16.5115|INFO|SprayProcessSCADASystemOnWinform.FrmMain|关闭系统 
2025-03-16 22:57:11.5226|INFO|SprayProcessSCADASystemOnWinform.FrmMain|初始化侧边栏菜单成功 
2025-03-16 22:57:11.5386|INFO|SprayProcessSCADASystemOnWinform.FrmMain|初始化顶部菜单栏成功 
2025-03-16 22:57:11.5386|INFO|SprayProcessSCADASystemOnWinform.FrmMain|读取INI配置文件成功 
2025-03-16 22:58:11.1772|INFO|SprayProcessSCADASystemOnWinform.FrmMain|初始化侧边栏菜单成功 
2025-03-16 22:58:11.1939|INFO|SprayProcessSCADASystemOnWinform.FrmMain|初始化顶部菜单栏成功 
2025-03-16 22:58:11.1939|INFO|SprayProcessSCADASystemOnWinform.FrmMain|读取INI配置文件成功 
2025-03-16 23:03:14.1893|INFO|SprayProcessSCADASystemOnWinform.FrmMain|初始化侧边栏菜单成功 
2025-03-16 23:03:14.2031|INFO|SprayProcessSCADASystemOnWinform.FrmMain|初始化顶部菜单栏成功 
2025-03-16 23:03:14.2086|INFO|SprayProcessSCADASystemOnWinform.FrmMain|读取INI配置文件成功 
2025-03-16 23:04:41.0186|INFO|SprayProcessSCADASystemOnWinform.FrmMain|初始化侧边栏菜单成功 
2025-03-16 23:04:41.0333|INFO|SprayProcessSCADASystemOnWinform.FrmMain|初始化顶部菜单栏成功 
2025-03-16 23:04:41.0371|INFO|SprayProcessSCADASystemOnWinform.FrmMain|读取INI配置文件成功 
2025-03-16 23:06:33.1294|INFO|SprayProcessSCADASystemOnWinform.FrmMain|初始化侧边栏菜单成功 
2025-03-16 23:06:33.1433|INFO|SprayProcessSCADASystemOnWinform.FrmMain|初始化顶部菜单栏成功 
2025-03-16 23:06:33.1433|INFO|SprayProcessSCADASystemOnWinform.FrmMain|读取INI配置文件成功 
2025-03-16 23:06:42.9122|INFO|SprayProcessSCADASystemOnWinform.FrmMain|关闭系统 
2025-03-16 23:11:35.1426|INFO|SprayProcessSCADASystemOnWinform.FrmMain|初始化侧边栏菜单成功 
2025-03-16 23:11:35.1591|INFO|SprayProcessSCADASystemOnWinform.FrmMain|初始化顶部菜单栏成功 
2025-03-16 23:11:35.1634|INFO|SprayProcessSCADASystemOnWinform.FrmMain|读取INI配置文件成功 
2025-03-16 23:12:15.6935|INFO|SprayProcessSCADASystemOnWinform.FrmMain|初始化侧边栏菜单成功 
2025-03-16 23:12:15.7082|INFO|SprayProcessSCADASystemOnWinform.FrmMain|初始化顶部菜单栏成功 
2025-03-16 23:12:15.7082|INFO|SprayProcessSCADASystemOnWinform.FrmMain|读取INI配置文件成功 
2025-03-16 23:13:13.0246|INFO|SprayProcessSCADASystemOnWinform.FrmMain|初始化侧边栏菜单成功 
2025-03-16 23:13:13.0392|INFO|SprayProcessSCADASystemOnWinform.FrmMain|初始化顶部菜单栏成功 
2025-03-16 23:13:13.0392|INFO|SprayProcessSCADASystemOnWinform.FrmMain|读取INI配置文件成功 
2025-03-16 23:13:21.5144|INFO|SprayProcessSCADASystemOnWinform.FrmMain|关闭系统 
2025-03-16 23:14:19.2846|INFO|SprayProcessSCADASystemOnWinform.FrmMain|初始化侧边栏菜单成功 
2025-03-16 23:14:19.3043|INFO|SprayProcessSCADASystemOnWinform.FrmMain|初始化顶部菜单栏成功 
2025-03-16 23:14:19.3043|INFO|SprayProcessSCADASystemOnWinform.FrmMain|读取INI配置文件成功 
2025-03-16 23:14:19.4435|INFO|SprayProcessSCADASystemOnWinform.FrmMain|初始化PLC客户端成功 
2025-03-16 23:14:54.5569|INFO|SprayProcessSCADASystemOnWinform.PageTotalEquipmentControl|加载权限成功 
2025-03-16 23:14:54.5569|INFO|SprayProcessSCADASystemOnWinform.PageTotalEquipmentControl|加载权限成功 
2025-03-16 23:14:54.5569|INFO|SprayProcessSCADASystemOnWinform.PageTotalEquipmentControl|加载权限成功 
2025-03-16 23:14:58.4274|INFO|SprayProcessSCADASystemOnWinform.PageTotalEquipmentControl|写入总启动成功 
2025-03-16 23:15:00.5751|INFO|SprayProcessSCADASystemOnWinform.PageTotalEquipmentControl|写入总停止成功 
2025-03-16 23:16:42.3884|INFO|SprayProcessSCADASystemOnWinform.FrmMain|关闭系统 
2025-03-16 23:16:54.9692|INFO|SprayProcessSCADASystemOnWinform.FrmMain|初始化侧边栏菜单成功 
2025-03-16 23:16:54.9847|INFO|SprayProcessSCADASystemOnWinform.FrmMain|初始化顶部菜单栏成功 
2025-03-16 23:16:54.9889|INFO|SprayProcessSCADASystemOnWinform.FrmMain|读取INI配置文件成功 
2025-03-16 23:16:55.1102|INFO|SprayProcessSCADASystemOnWinform.FrmMain|初始化PLC客户端成功 
2025-03-16 23:17:25.7587|INFO|SprayProcessSCADASystemOnWinform.PageTotalEquipmentControl|写入粗洗工位开成功 
2025-03-16 23:17:26.2341|INFO|SprayProcessSCADASystemOnWinform.PageTotalEquipmentControl|写入陶化工位开成功 
2025-03-16 23:17:26.4612|INFO|SprayProcessSCADASystemOnWinform.PageTotalEquipmentControl|写入精洗工位开成功 
2025-03-16 23:17:27.1956|INFO|SprayProcessSCADASystemOnWinform.PageTotalEquipmentControl|写入输送机工位开成功 
2025-03-16 23:17:27.3643|INFO|SprayProcessSCADASystemOnWinform.PageTotalEquipmentControl|写入固化炉工位开成功 
2025-03-16 23:17:27.6061|INFO|SprayProcessSCADASystemOnWinform.PageTotalEquipmentControl|写入冷却室工位开成功 
2025-03-16 23:17:27.8380|INFO|SprayProcessSCADASystemOnWinform.PageTotalEquipmentControl|写入水分炉工位开成功 
2025-03-16 23:17:28.8476|INFO|SprayProcessSCADASystemOnWinform.PageTotalEquipmentControl|写入脱脂工位开成功 
2025-03-16 23:17:29.6784|INFO|SprayProcessSCADASystemOnWinform.PageTotalEquipmentControl|写入总停止成功 
2025-03-16 23:17:29.9363|INFO|SprayProcessSCADASystemOnWinform.PageTotalEquipmentControl|写入机械复位成功 
2025-03-16 23:17:30.1268|INFO|SprayProcessSCADASystemOnWinform.PageTotalEquipmentControl|写入报警复位成功 
2025-03-16 23:17:30.3964|INFO|SprayProcessSCADASystemOnWinform.PageTotalEquipmentControl|写入空运行成功 
2025-03-16 23:17:31.0324|INFO|SprayProcessSCADASystemOnWinform.PageTotalEquipmentControl|写入空运行成功 
2025-03-16 23:17:31.7862|INFO|SprayProcessSCADASystemOnWinform.PageTotalEquipmentControl|写入空运行成功 
2025-03-16 23:17:32.6238|INFO|SprayProcessSCADASystemOnWinform.PageTotalEquipmentControl|写入空运行成功 
2025-03-16 23:17:36.2201|INFO|SprayProcessSCADASystemOnWinform.PageTotalEquipmentControl|加载权限成功 
2025-03-16 23:17:36.2263|INFO|SprayProcessSCADASystemOnWinform.PageTotalEquipmentControl|加载权限成功 
2025-03-16 23:17:36.2263|INFO|SprayProcessSCADASystemOnWinform.PageTotalEquipmentControl|加载权限成功 
2025-03-16 23:19:36.6038|INFO|SprayProcessSCADASystemOnWinform.FrmMain|初始化侧边栏菜单成功 
2025-03-16 23:19:36.6185|INFO|SprayProcessSCADASystemOnWinform.FrmMain|初始化顶部菜单栏成功 
2025-03-16 23:19:36.6185|INFO|SprayProcessSCADASystemOnWinform.FrmMain|读取INI配置文件成功 
2025-03-16 23:21:15.6926|INFO|SprayProcessSCADASystemOnWinform.FrmMain|初始化侧边栏菜单成功 
2025-03-16 23:21:15.7080|INFO|SprayProcessSCADASystemOnWinform.FrmMain|初始化顶部菜单栏成功 
2025-03-16 23:21:15.7080|INFO|SprayProcessSCADASystemOnWinform.FrmMain|读取INI配置文件成功 
2025-03-16 23:21:47.2775|INFO|SprayProcessSCADASystemOnWinform.FrmMain|初始化侧边栏菜单成功 
2025-03-16 23:21:47.2950|INFO|SprayProcessSCADASystemOnWinform.FrmMain|初始化顶部菜单栏成功 
2025-03-16 23:21:47.2950|INFO|SprayProcessSCADASystemOnWinform.FrmMain|读取INI配置文件成功 
2025-03-16 23:22:36.2319|INFO|SprayProcessSCADASystemOnWinform.FrmMain|初始化侧边栏菜单成功 
2025-03-16 23:22:36.2489|INFO|SprayProcessSCADASystemOnWinform.FrmMain|初始化顶部菜单栏成功 
2025-03-16 23:22:36.2543|INFO|SprayProcessSCADASystemOnWinform.FrmMain|读取INI配置文件成功 
2025-03-16 23:22:50.5028|INFO|SprayProcessSCADASystemOnWinform.FrmMain|初始化PLC客户端成功 
2025-03-16 23:23:48.0404|INFO|SprayProcessSCADASystemOnWinform.FrmMain|初始化侧边栏菜单成功 
2025-03-16 23:23:48.0608|INFO|SprayProcessSCADASystemOnWinform.FrmMain|初始化顶部菜单栏成功 
2025-03-16 23:23:48.0662|INFO|SprayProcessSCADASystemOnWinform.FrmMain|读取INI配置文件成功 
2025-03-16 23:24:16.4292|INFO|SprayProcessSCADASystemOnWinform.FrmMain|初始化PLC客户端成功 
2025-03-16 23:25:08.4540|INFO|SprayProcessSCADASystemOnWinform.FrmMain|初始化侧边栏菜单成功 
2025-03-16 23:25:08.4685|INFO|SprayProcessSCADASystemOnWinform.FrmMain|初始化顶部菜单栏成功 
2025-03-16 23:25:08.4740|INFO|SprayProcessSCADASystemOnWinform.FrmMain|读取INI配置文件成功 
2025-03-16 23:25:14.2188|INFO|SprayProcessSCADASystemOnWinform.FrmMain|初始化PLC客户端成功 
2025-03-16 23:29:09.7235|INFO|SprayProcessSCADASystemOnWinform.FrmMain|初始化侧边栏菜单成功 
2025-03-16 23:29:09.7402|INFO|SprayProcessSCADASystemOnWinform.FrmMain|初始化顶部菜单栏成功 
2025-03-16 23:29:09.7402|INFO|SprayProcessSCADASystemOnWinform.FrmMain|读取INI配置文件成功 
2025-03-16 23:29:21.4152|INFO|SprayProcessSCADASystemOnWinform.FrmMain|初始化PLC客户端成功 
2025-03-16 23:32:10.8793|INFO|SprayProcessSCADASystemOnWinform.FrmMain|关闭系统 
2025-03-16 23:33:45.8040|INFO|SprayProcessSCADASystemOnWinform.FrmMain|初始化侧边栏菜单成功 
2025-03-16 23:33:45.8210|INFO|SprayProcessSCADASystemOnWinform.FrmMain|初始化顶部菜单栏成功 
2025-03-16 23:33:45.8210|INFO|SprayProcessSCADASystemOnWinform.FrmMain|读取INI配置文件成功 
2025-03-16 23:33:46.3312|INFO|SprayProcessSCADASystemOnWinform.FrmMain|初始化PLC客户端成功 
2025-03-16 23:34:11.5605|INFO|SprayProcessSCADASystemOnWinform.FrmMain|关闭系统 
2025-03-16 23:36:55.8293|INFO|SprayProcessSCADASystemOnWinform.FrmMain|初始化侧边栏菜单成功 
2025-03-16 23:36:55.8425|INFO|SprayProcessSCADASystemOnWinform.FrmMain|初始化顶部菜单栏成功 
2025-03-16 23:36:55.8425|INFO|SprayProcessSCADASystemOnWinform.FrmMain|读取INI配置文件成功 
2025-03-16 23:36:56.1218|INFO|SprayProcessSCADASystemOnWinform.FrmMain|初始化PLC客户端成功 
2025-03-16 23:37:20.7187|INFO|SprayProcessSCADASystemOnWinform.FrmMain|关闭系统 
