2025-03-12 10:26:58.6664|INFO|SprayProcessSCADASystemOnWinform.FrmMain|初始化侧边栏菜单成功 
2025-03-12 10:26:58.7016|INFO|SprayProcessSCADASystemOnWinform.FrmMain|初始化顶部菜单栏成功 
2025-03-12 10:26:58.7051|INFO|SprayProcessSCADASystemOnWinform.FrmMain|读取INI配置文件成功 
2025-03-12 10:29:33.0280|INFO|SprayProcessSCADASystemOnWinform.FrmMain|初始化侧边栏菜单成功 
2025-03-12 10:29:33.0480|INFO|SprayProcessSCADASystemOnWinform.FrmMain|初始化顶部菜单栏成功 
2025-03-12 10:29:33.0480|INFO|SprayProcessSCADASystemOnWinform.FrmMain|读取INI配置文件成功 
2025-03-12 10:30:44.8924|INFO|SprayProcessSCADASystemOnWinform.FrmMain|初始化侧边栏菜单成功 
2025-03-12 10:30:44.9128|INFO|SprayProcessSCADASystemOnWinform.FrmMain|初始化顶部菜单栏成功 
2025-03-12 10:30:44.9128|INFO|SprayProcessSCADASystemOnWinform.FrmMain|读取INI配置文件成功 
2025-03-12 10:31:46.2403|INFO|SprayProcessSCADASystemOnWinform.FrmMain|初始化侧边栏菜单成功 
2025-03-12 10:31:46.2591|INFO|SprayProcessSCADASystemOnWinform.FrmMain|初始化顶部菜单栏成功 
2025-03-12 10:31:46.2591|INFO|SprayProcessSCADASystemOnWinform.FrmMain|读取INI配置文件成功 
2025-03-12 10:37:53.5764|INFO|SprayProcessSCADASystemOnWinform.FrmMain|初始化侧边栏菜单成功 
2025-03-12 10:37:53.5984|INFO|SprayProcessSCADASystemOnWinform.FrmMain|初始化顶部菜单栏成功 
2025-03-12 10:37:53.5984|INFO|SprayProcessSCADASystemOnWinform.FrmMain|读取INI配置文件成功 
2025-03-12 10:38:25.9050|INFO|SprayProcessSCADASystemOnWinform.FrmMain|初始化侧边栏菜单成功 
2025-03-12 10:38:25.9256|INFO|SprayProcessSCADASystemOnWinform.FrmMain|初始化顶部菜单栏成功 
2025-03-12 10:38:25.9256|INFO|SprayProcessSCADASystemOnWinform.FrmMain|读取INI配置文件成功 
2025-03-12 10:44:32.7484|INFO|SprayProcessSCADASystemOnWinform.FrmMain|初始化侧边栏菜单成功 
2025-03-12 10:44:32.7813|INFO|SprayProcessSCADASystemOnWinform.FrmMain|初始化顶部菜单栏成功 
2025-03-12 10:44:32.7813|INFO|SprayProcessSCADASystemOnWinform.FrmMain|读取INI配置文件成功 
2025-03-12 10:46:05.1254|INFO|SprayProcessSCADASystemOnWinform.FrmMain|初始化侧边栏菜单成功 
2025-03-12 10:46:05.1453|INFO|SprayProcessSCADASystemOnWinform.FrmMain|初始化顶部菜单栏成功 
2025-03-12 10:46:05.1453|INFO|SprayProcessSCADASystemOnWinform.FrmMain|读取INI配置文件成功 
2025-03-12 10:53:35.9319|INFO|SprayProcessSCADASystemOnWinform.FrmMain|初始化侧边栏菜单成功 
2025-03-12 10:53:35.9512|INFO|SprayProcessSCADASystemOnWinform.FrmMain|初始化顶部菜单栏成功 
2025-03-12 10:53:35.9545|INFO|SprayProcessSCADASystemOnWinform.FrmMain|读取INI配置文件成功 
2025-03-12 11:09:19.7537|INFO|SprayProcessSCADASystemOnWinform.FrmMain|初始化侧边栏菜单成功 
2025-03-12 11:09:19.7732|INFO|SprayProcessSCADASystemOnWinform.FrmMain|初始化顶部菜单栏成功 
2025-03-12 11:09:19.7732|INFO|SprayProcessSCADASystemOnWinform.FrmMain|读取INI配置文件成功 
2025-03-12 11:11:19.7504|INFO|SprayProcessSCADASystemOnWinform.FrmMain|初始化侧边栏菜单成功 
2025-03-12 11:11:19.7714|INFO|SprayProcessSCADASystemOnWinform.FrmMain|初始化顶部菜单栏成功 
2025-03-12 11:11:19.7714|INFO|SprayProcessSCADASystemOnWinform.FrmMain|读取INI配置文件成功 
2025-03-12 11:11:19.9347|INFO|SprayProcessSCADASystemOnWinform.FrmMain|初始化PLC客户端成功 
2025-03-12 11:11:53.1027|INFO|SprayProcessSCADASystemOnWinform.FrmMain|初始化侧边栏菜单成功 
2025-03-12 11:11:53.1243|INFO|SprayProcessSCADASystemOnWinform.FrmMain|初始化顶部菜单栏成功 
2025-03-12 11:11:53.1283|INFO|SprayProcessSCADASystemOnWinform.FrmMain|读取INI配置文件成功 
2025-03-12 11:11:53.2682|INFO|SprayProcessSCADASystemOnWinform.FrmMain|初始化PLC客户端成功 
2025-03-12 11:18:04.3782|INFO|SprayProcessSCADASystemOnWinform.FrmMain|初始化侧边栏菜单成功 
2025-03-12 11:18:04.4104|INFO|SprayProcessSCADASystemOnWinform.FrmMain|初始化顶部菜单栏成功 
2025-03-12 11:18:04.4217|INFO|SprayProcessSCADASystemOnWinform.FrmMain|读取INI配置文件成功 
2025-03-12 11:18:04.6619|INFO|SprayProcessSCADASystemOnWinform.FrmMain|初始化PLC客户端成功 
2025-03-12 11:25:41.0243|INFO|SprayProcessSCADASystemOnWinform.FrmMain|初始化侧边栏菜单成功 
2025-03-12 11:25:41.0431|INFO|SprayProcessSCADASystemOnWinform.FrmMain|初始化顶部菜单栏成功 
2025-03-12 11:25:41.0467|INFO|SprayProcessSCADASystemOnWinform.FrmMain|读取INI配置文件成功 
2025-03-12 11:25:41.1911|INFO|SprayProcessSCADASystemOnWinform.FrmMain|初始化PLC客户端成功 
2025-03-12 11:26:21.7396|INFO|SprayProcessSCADASystemOnWinform.FrmMain|初始化侧边栏菜单成功 
2025-03-12 11:26:21.7600|INFO|SprayProcessSCADASystemOnWinform.FrmMain|初始化顶部菜单栏成功 
2025-03-12 11:26:21.7600|INFO|SprayProcessSCADASystemOnWinform.FrmMain|读取INI配置文件成功 
2025-03-12 11:26:21.8975|INFO|SprayProcessSCADASystemOnWinform.FrmMain|初始化PLC客户端成功 
2025-03-12 11:27:32.9642|INFO|SprayProcessSCADASystemOnWinform.FrmMain|初始化侧边栏菜单成功 
2025-03-12 11:27:32.9840|INFO|SprayProcessSCADASystemOnWinform.FrmMain|初始化顶部菜单栏成功 
2025-03-12 11:27:32.9876|INFO|SprayProcessSCADASystemOnWinform.FrmMain|读取INI配置文件成功 
2025-03-12 11:27:33.1287|INFO|SprayProcessSCADASystemOnWinform.FrmMain|初始化PLC客户端成功 
2025-03-12 11:31:50.2419|INFO|SprayProcessSCADASystemOnWinform.FrmMain|初始化侧边栏菜单成功 
2025-03-12 11:31:50.2609|INFO|SprayProcessSCADASystemOnWinform.FrmMain|初始化顶部菜单栏成功 
2025-03-12 11:31:50.2609|INFO|SprayProcessSCADASystemOnWinform.FrmMain|读取INI配置文件成功 
2025-03-12 11:31:50.4000|INFO|SprayProcessSCADASystemOnWinform.FrmMain|初始化PLC客户端成功 
2025-03-12 11:37:18.7896|INFO|SprayProcessSCADASystemOnWinform.FrmMain|初始化侧边栏菜单成功 
2025-03-12 11:37:18.8323|INFO|SprayProcessSCADASystemOnWinform.FrmMain|初始化顶部菜单栏成功 
2025-03-12 11:37:18.8323|INFO|SprayProcessSCADASystemOnWinform.FrmMain|读取INI配置文件成功 
2025-03-12 11:37:19.1826|INFO|SprayProcessSCADASystemOnWinform.FrmMain|初始化PLC客户端成功 
2025-03-12 11:40:55.2444|INFO|SprayProcessSCADASystemOnWinform.FrmMain|初始化侧边栏菜单成功 
2025-03-12 11:40:55.2704|INFO|SprayProcessSCADASystemOnWinform.FrmMain|初始化顶部菜单栏成功 
2025-03-12 11:40:55.2704|INFO|SprayProcessSCADASystemOnWinform.FrmMain|读取INI配置文件成功 
2025-03-12 11:40:55.4946|INFO|SprayProcessSCADASystemOnWinform.FrmMain|初始化PLC客户端成功 
2025-03-12 11:42:04.8062|INFO|SprayProcessSCADASystemOnWinform.FrmMain|初始化侧边栏菜单成功 
2025-03-12 11:42:04.8263|INFO|SprayProcessSCADASystemOnWinform.FrmMain|初始化顶部菜单栏成功 
2025-03-12 11:42:04.8298|INFO|SprayProcessSCADASystemOnWinform.FrmMain|读取INI配置文件成功 
2025-03-12 11:42:04.9667|INFO|SprayProcessSCADASystemOnWinform.FrmMain|初始化PLC客户端成功 
2025-03-12 19:40:33.7670|INFO|SprayProcessSCADASystemOnWinform.FrmMain|初始化侧边栏菜单成功 
2025-03-12 19:40:33.8082|INFO|SprayProcessSCADASystemOnWinform.FrmMain|初始化顶部菜单栏成功 
2025-03-12 19:40:33.8179|INFO|SprayProcessSCADASystemOnWinform.FrmMain|读取INI配置文件成功 
2025-03-12 19:40:34.6735|INFO|SprayProcessSCADASystemOnWinform.FrmMain|初始化PLC客户端成功 
2025-03-12 19:41:14.0847|INFO|SprayProcessSCADASystemOnWinform.FrmMain|初始化侧边栏菜单成功 
2025-03-12 19:41:14.1090|INFO|SprayProcessSCADASystemOnWinform.FrmMain|初始化顶部菜单栏成功 
2025-03-12 19:41:14.1131|INFO|SprayProcessSCADASystemOnWinform.FrmMain|读取INI配置文件成功 
2025-03-12 19:41:14.2913|INFO|SprayProcessSCADASystemOnWinform.FrmMain|初始化PLC客户端成功 
2025-03-12 19:42:08.0353|INFO|SprayProcessSCADASystemOnWinform.FrmMain|初始化侧边栏菜单成功 
2025-03-12 19:42:08.0566|INFO|SprayProcessSCADASystemOnWinform.FrmMain|初始化顶部菜单栏成功 
2025-03-12 19:42:08.0566|INFO|SprayProcessSCADASystemOnWinform.FrmMain|读取INI配置文件成功 
2025-03-12 19:42:08.2151|INFO|SprayProcessSCADASystemOnWinform.FrmMain|初始化PLC客户端成功 
2025-03-12 19:43:27.5073|INFO|SprayProcessSCADASystemOnWinform.FrmMain|初始化侧边栏菜单成功 
2025-03-12 19:43:27.5292|INFO|SprayProcessSCADASystemOnWinform.FrmMain|初始化顶部菜单栏成功 
2025-03-12 19:43:27.5292|INFO|SprayProcessSCADASystemOnWinform.FrmMain|读取INI配置文件成功 
2025-03-12 19:43:27.6672|INFO|SprayProcessSCADASystemOnWinform.FrmMain|初始化PLC客户端成功 
2025-03-12 19:46:28.1074|INFO|SprayProcessSCADASystemOnWinform.FrmMain|初始化侧边栏菜单成功 
2025-03-12 19:46:28.1302|INFO|SprayProcessSCADASystemOnWinform.FrmMain|初始化顶部菜单栏成功 
2025-03-12 19:46:28.1302|INFO|SprayProcessSCADASystemOnWinform.FrmMain|读取INI配置文件成功 
2025-03-12 19:46:28.2729|INFO|SprayProcessSCADASystemOnWinform.FrmMain|初始化PLC客户端成功 
2025-03-12 19:48:41.2935|INFO|SprayProcessSCADASystemOnWinform.FrmMain|初始化侧边栏菜单成功 
2025-03-12 19:48:41.3127|INFO|SprayProcessSCADASystemOnWinform.FrmMain|初始化顶部菜单栏成功 
2025-03-12 19:48:41.3162|INFO|SprayProcessSCADASystemOnWinform.FrmMain|读取INI配置文件成功 
2025-03-12 19:48:41.4617|INFO|SprayProcessSCADASystemOnWinform.FrmMain|初始化PLC客户端成功 
2025-03-12 19:51:30.8406|INFO|SprayProcessSCADASystemOnWinform.FrmMain|初始化侧边栏菜单成功 
2025-03-12 19:51:30.8598|INFO|SprayProcessSCADASystemOnWinform.FrmMain|初始化顶部菜单栏成功 
2025-03-12 19:51:30.8633|INFO|SprayProcessSCADASystemOnWinform.FrmMain|读取INI配置文件成功 
2025-03-12 19:51:30.9962|INFO|SprayProcessSCADASystemOnWinform.FrmMain|初始化PLC客户端成功 
2025-03-12 19:57:46.7957|INFO|SprayProcessSCADASystemOnWinform.FrmMain|初始化侧边栏菜单成功 
2025-03-12 19:57:46.8163|INFO|SprayProcessSCADASystemOnWinform.FrmMain|初始化顶部菜单栏成功 
2025-03-12 19:57:46.8163|INFO|SprayProcessSCADASystemOnWinform.FrmMain|读取INI配置文件成功 
2025-03-12 19:57:46.9572|INFO|SprayProcessSCADASystemOnWinform.FrmMain|初始化PLC客户端成功 
2025-03-12 19:59:01.0074|INFO|SprayProcessSCADASystemOnWinform.FrmMain|初始化侧边栏菜单成功 
2025-03-12 19:59:01.0271|INFO|SprayProcessSCADASystemOnWinform.FrmMain|初始化顶部菜单栏成功 
2025-03-12 19:59:01.0271|INFO|SprayProcessSCADASystemOnWinform.FrmMain|读取INI配置文件成功 
2025-03-12 19:59:01.1653|INFO|SprayProcessSCADASystemOnWinform.FrmMain|初始化PLC客户端成功 
2025-03-12 20:00:17.1947|INFO|SprayProcessSCADASystemOnWinform.FrmMain|初始化侧边栏菜单成功 
2025-03-12 20:00:17.2137|INFO|SprayProcessSCADASystemOnWinform.FrmMain|初始化顶部菜单栏成功 
2025-03-12 20:00:17.2137|INFO|SprayProcessSCADASystemOnWinform.FrmMain|读取INI配置文件成功 
2025-03-12 20:00:17.3464|INFO|SprayProcessSCADASystemOnWinform.FrmMain|初始化PLC客户端成功 
2025-03-12 20:01:42.9940|INFO|SprayProcessSCADASystemOnWinform.FrmMain|初始化侧边栏菜单成功 
2025-03-12 20:01:43.0129|INFO|SprayProcessSCADASystemOnWinform.FrmMain|初始化顶部菜单栏成功 
2025-03-12 20:01:43.0129|INFO|SprayProcessSCADASystemOnWinform.FrmMain|读取INI配置文件成功 
2025-03-12 20:01:43.1480|INFO|SprayProcessSCADASystemOnWinform.FrmMain|初始化PLC客户端成功 
2025-03-12 20:03:25.2835|INFO|SprayProcessSCADASystemOnWinform.FrmMain|初始化侧边栏菜单成功 
2025-03-12 20:03:25.3023|INFO|SprayProcessSCADASystemOnWinform.FrmMain|初始化顶部菜单栏成功 
2025-03-12 20:03:25.3023|INFO|SprayProcessSCADASystemOnWinform.FrmMain|读取INI配置文件成功 
2025-03-12 20:03:25.4405|INFO|SprayProcessSCADASystemOnWinform.FrmMain|初始化PLC客户端成功 
2025-03-12 20:03:52.1658|INFO|SprayProcessSCADASystemOnWinform.FrmMain|初始化侧边栏菜单成功 
2025-03-12 20:03:52.1844|INFO|SprayProcessSCADASystemOnWinform.FrmMain|初始化顶部菜单栏成功 
2025-03-12 20:03:52.1844|INFO|SprayProcessSCADASystemOnWinform.FrmMain|读取INI配置文件成功 
2025-03-12 20:03:52.4268|INFO|SprayProcessSCADASystemOnWinform.FrmMain|初始化PLC客户端成功 
2025-03-12 20:04:40.1492|INFO|SprayProcessSCADASystemOnWinform.FrmMain|初始化侧边栏菜单成功 
2025-03-12 20:04:40.1704|INFO|SprayProcessSCADASystemOnWinform.FrmMain|初始化顶部菜单栏成功 
2025-03-12 20:04:40.1704|INFO|SprayProcessSCADASystemOnWinform.FrmMain|读取INI配置文件成功 
2025-03-12 20:04:40.3081|INFO|SprayProcessSCADASystemOnWinform.FrmMain|初始化PLC客户端成功 
2025-03-12 20:06:12.8137|INFO|SprayProcessSCADASystemOnWinform.FrmMain|初始化侧边栏菜单成功 
2025-03-12 20:06:12.8352|INFO|SprayProcessSCADASystemOnWinform.FrmMain|初始化顶部菜单栏成功 
2025-03-12 20:06:12.8352|INFO|SprayProcessSCADASystemOnWinform.FrmMain|读取INI配置文件成功 
2025-03-12 20:06:12.9899|INFO|SprayProcessSCADASystemOnWinform.FrmMain|初始化PLC客户端成功 
2025-03-12 20:16:11.0821|INFO|SprayProcessSCADASystemOnWinform.FrmMain|初始化侧边栏菜单成功 
2025-03-12 20:16:11.1092|INFO|SprayProcessSCADASystemOnWinform.FrmMain|初始化顶部菜单栏成功 
2025-03-12 20:16:11.1131|INFO|SprayProcessSCADASystemOnWinform.FrmMain|读取INI配置文件成功 
2025-03-12 20:16:11.2864|INFO|SprayProcessSCADASystemOnWinform.FrmMain|初始化PLC客户端成功 
2025-03-12 20:16:15.1040|INFO|SprayProcessSCADASystemOnWinform.PageTotalEquipmentControl|写入脱脂工位开成功 
2025-03-12 20:17:08.0483|INFO|SprayProcessSCADASystemOnWinform.PageTotalEquipmentControl|写入水分炉工位开成功 
2025-03-12 20:17:08.2575|INFO|SprayProcessSCADASystemOnWinform.PageTotalEquipmentControl|写入冷却室工位开成功 
2025-03-12 20:17:08.9861|INFO|SprayProcessSCADASystemOnWinform.PageTotalEquipmentControl|写入输送机工位开成功 
2025-03-12 20:17:09.2799|INFO|SprayProcessSCADASystemOnWinform.PageTotalEquipmentControl|写入固化炉工位开成功 
2025-03-12 20:17:15.6003|INFO|SprayProcessSCADASystemOnWinform.PageTotalEquipmentControl|写入固化炉工位关成功 
2025-03-12 20:17:30.7489|INFO|SprayProcessSCADASystemOnWinform.PageTotalEquipmentControl|写入冷却室工位关成功 
2025-03-12 20:17:30.9683|INFO|SprayProcessSCADASystemOnWinform.PageTotalEquipmentControl|写入水分炉工位关成功 
2025-03-12 20:17:31.3651|INFO|SprayProcessSCADASystemOnWinform.PageTotalEquipmentControl|写入输送机工位关成功 
2025-03-12 20:17:32.0641|INFO|SprayProcessSCADASystemOnWinform.PageTotalEquipmentControl|写入脱脂工位关成功 
2025-03-12 20:17:33.0781|INFO|SprayProcessSCADASystemOnWinform.PageTotalEquipmentControl|写入报警复位成功 
2025-03-12 20:17:33.2870|INFO|SprayProcessSCADASystemOnWinform.PageTotalEquipmentControl|写入机械复位成功 
2025-03-12 20:17:33.5285|INFO|SprayProcessSCADASystemOnWinform.PageTotalEquipmentControl|写入总停止成功 
2025-03-12 20:17:33.7770|INFO|SprayProcessSCADASystemOnWinform.PageTotalEquipmentControl|写入总启动成功 
2025-03-12 20:17:34.3918|INFO|SprayProcessSCADASystemOnWinform.PageTotalEquipmentControl|写入空运行成功 
2025-03-12 20:17:34.6212|INFO|SprayProcessSCADASystemOnWinform.PageTotalEquipmentControl|写入空运行成功 
2025-03-12 20:17:41.6252|INFO|SprayProcessSCADASystemOnWinform.PageTotalEquipmentControl|写入水分炉工位开成功 
2025-03-12 20:17:41.7859|INFO|SprayProcessSCADASystemOnWinform.PageTotalEquipmentControl|写入水分炉工位关成功 
2025-03-12 20:17:41.9283|INFO|SprayProcessSCADASystemOnWinform.PageTotalEquipmentControl|写入水分炉工位开成功 
2025-03-12 20:17:42.0778|INFO|SprayProcessSCADASystemOnWinform.PageTotalEquipmentControl|写入水分炉工位关成功 
2025-03-12 20:17:42.2188|INFO|SprayProcessSCADASystemOnWinform.PageTotalEquipmentControl|写入水分炉工位开成功 
2025-03-12 20:17:42.3607|INFO|SprayProcessSCADASystemOnWinform.PageTotalEquipmentControl|写入水分炉工位关成功 
2025-03-12 20:17:42.5186|INFO|SprayProcessSCADASystemOnWinform.PageTotalEquipmentControl|写入水分炉工位开成功 
2025-03-12 20:17:42.6652|INFO|SprayProcessSCADASystemOnWinform.PageTotalEquipmentControl|写入水分炉工位关成功 
2025-03-12 20:17:42.7952|INFO|SprayProcessSCADASystemOnWinform.PageTotalEquipmentControl|写入水分炉工位开成功 
2025-03-12 20:17:42.9313|INFO|SprayProcessSCADASystemOnWinform.PageTotalEquipmentControl|写入水分炉工位关成功 
2025-03-12 20:17:43.0875|INFO|SprayProcessSCADASystemOnWinform.PageTotalEquipmentControl|写入水分炉工位开成功 
2025-03-12 20:17:43.2307|INFO|SprayProcessSCADASystemOnWinform.PageTotalEquipmentControl|写入水分炉工位关成功 
2025-03-12 20:17:43.3834|INFO|SprayProcessSCADASystemOnWinform.PageTotalEquipmentControl|写入水分炉工位开成功 
2025-03-12 20:17:43.5159|INFO|SprayProcessSCADASystemOnWinform.PageTotalEquipmentControl|写入水分炉工位关成功 
2025-03-12 20:17:43.6659|INFO|SprayProcessSCADASystemOnWinform.PageTotalEquipmentControl|写入水分炉工位开成功 
2025-03-12 20:17:43.8083|INFO|SprayProcessSCADASystemOnWinform.PageTotalEquipmentControl|写入水分炉工位关成功 
2025-03-12 20:17:43.9390|INFO|SprayProcessSCADASystemOnWinform.PageTotalEquipmentControl|写入水分炉工位开成功 
2025-03-12 20:17:46.9382|INFO|SprayProcessSCADASystemOnWinform.PageTotalEquipmentControl|写入水分炉工位关成功 
2025-03-12 20:17:48.8582|INFO|SprayProcessSCADASystemOnWinform.PageTotalEquipmentControl|写入机械复位成功 
2025-03-12 20:17:48.9961|INFO|SprayProcessSCADASystemOnWinform.PageTotalEquipmentControl|写入机械复位成功 
2025-03-12 20:17:49.1373|INFO|SprayProcessSCADASystemOnWinform.PageTotalEquipmentControl|写入机械复位成功 
2025-03-12 20:17:49.2750|INFO|SprayProcessSCADASystemOnWinform.PageTotalEquipmentControl|写入机械复位成功 
2025-03-12 20:17:49.4235|INFO|SprayProcessSCADASystemOnWinform.PageTotalEquipmentControl|写入机械复位成功 
2025-03-12 20:17:49.5527|INFO|SprayProcessSCADASystemOnWinform.PageTotalEquipmentControl|写入机械复位成功 
2025-03-12 20:17:49.6715|INFO|SprayProcessSCADASystemOnWinform.PageTotalEquipmentControl|写入机械复位成功 
2025-03-12 20:17:49.8169|INFO|SprayProcessSCADASystemOnWinform.PageTotalEquipmentControl|写入机械复位成功 
2025-03-12 20:17:49.9425|INFO|SprayProcessSCADASystemOnWinform.PageTotalEquipmentControl|写入机械复位成功 
2025-03-12 21:27:35.7239|INFO|SprayProcessSCADASystemOnWinform.FrmMain|初始化侧边栏菜单成功 
2025-03-12 21:27:35.7640|INFO|SprayProcessSCADASystemOnWinform.FrmMain|初始化顶部菜单栏成功 
2025-03-12 21:27:35.7751|INFO|SprayProcessSCADASystemOnWinform.FrmMain|读取INI配置文件成功 
2025-03-12 21:27:36.6620|INFO|SprayProcessSCADASystemOnWinform.FrmMain|初始化PLC客户端成功 
