2025-03-14 10:10:50.3411|INFO|SprayProcessSCADASystemOnWinform.FrmMain|初始化侧边栏菜单成功 
2025-03-14 10:10:50.3636|INFO|SprayProcessSCADASystemOnWinform.FrmMain|初始化顶部菜单栏成功 
2025-03-14 10:10:50.3636|INFO|SprayProcessSCADASystemOnWinform.FrmMain|读取INI配置文件成功 
2025-03-14 10:11:37.8829|INFO|SprayProcessSCADASystemOnWinform.FrmMain|初始化侧边栏菜单成功 
2025-03-14 10:11:37.8969|INFO|SprayProcessSCADASystemOnWinform.FrmMain|初始化顶部菜单栏成功 
2025-03-14 10:11:37.8969|INFO|SprayProcessSCADASystemOnWinform.FrmMain|读取INI配置文件成功 
2025-03-14 10:12:03.6086|INFO|SprayProcessSCADASystemOnWinform.FrmMain|初始化侧边栏菜单成功 
2025-03-14 10:12:03.6221|INFO|SprayProcessSCADASystemOnWinform.FrmMain|初始化顶部菜单栏成功 
2025-03-14 10:12:03.6221|INFO|SprayProcessSCADASystemOnWinform.FrmMain|读取INI配置文件成功 
2025-03-14 10:12:51.5814|INFO|SprayProcessSCADASystemOnWinform.FrmMain|初始化侧边栏菜单成功 
2025-03-14 10:12:51.5945|INFO|SprayProcessSCADASystemOnWinform.FrmMain|初始化顶部菜单栏成功 
2025-03-14 10:12:51.5945|INFO|SprayProcessSCADASystemOnWinform.FrmMain|读取INI配置文件成功 
2025-03-14 10:14:34.0211|INFO|SprayProcessSCADASystemOnWinform.FrmMain|初始化侧边栏菜单成功 
2025-03-14 10:14:34.0345|INFO|SprayProcessSCADASystemOnWinform.FrmMain|初始化顶部菜单栏成功 
2025-03-14 10:14:34.0345|INFO|SprayProcessSCADASystemOnWinform.FrmMain|读取INI配置文件成功 
2025-03-14 10:18:33.0132|INFO|SprayProcessSCADASystemOnWinform.FrmMain|初始化侧边栏菜单成功 
2025-03-14 10:18:33.0260|INFO|SprayProcessSCADASystemOnWinform.FrmMain|初始化顶部菜单栏成功 
2025-03-14 10:18:33.0260|INFO|SprayProcessSCADASystemOnWinform.FrmMain|读取INI配置文件成功 
2025-03-14 10:19:49.3827|INFO|SprayProcessSCADASystemOnWinform.FrmMain|初始化侧边栏菜单成功 
2025-03-14 10:19:49.3963|INFO|SprayProcessSCADASystemOnWinform.FrmMain|初始化顶部菜单栏成功 
2025-03-14 10:19:49.3963|INFO|SprayProcessSCADASystemOnWinform.FrmMain|读取INI配置文件成功 
2025-03-14 10:19:59.8705|INFO|SprayProcessSCADASystemOnWinform.PageTotalEquipmentControl|修改用户成功 
2025-03-14 10:20:11.4411|INFO|SprayProcessSCADASystemOnWinform.PageTotalEquipmentControl|修改用户成功 
2025-03-14 10:20:20.4406|INFO|SprayProcessSCADASystemOnWinform.PageTotalEquipmentControl|修改用户成功 
2025-03-14 10:20:45.6564|INFO|SprayProcessSCADASystemOnWinform.FrmMain|初始化侧边栏菜单成功 
2025-03-14 10:20:45.6703|INFO|SprayProcessSCADASystemOnWinform.FrmMain|初始化顶部菜单栏成功 
2025-03-14 10:20:45.6735|INFO|SprayProcessSCADASystemOnWinform.FrmMain|读取INI配置文件成功 
2025-03-14 10:21:15.5618|INFO|SprayProcessSCADASystemOnWinform.PageTotalEquipmentControl|修改用户成功 
2025-03-14 10:21:17.0511|INFO|SprayProcessSCADASystemOnWinform.PageTotalEquipmentControl|修改用户成功 
2025-03-14 10:21:18.3863|INFO|SprayProcessSCADASystemOnWinform.PageTotalEquipmentControl|修改用户成功 
2025-03-14 10:21:22.4929|INFO|SprayProcessSCADASystemOnWinform.PageTotalEquipmentControl|修改用户成功 
2025-03-14 10:21:53.6464|INFO|SprayProcessSCADASystemOnWinform.FrmMain|初始化侧边栏菜单成功 
2025-03-14 10:21:53.6620|INFO|SprayProcessSCADASystemOnWinform.FrmMain|初始化顶部菜单栏成功 
2025-03-14 10:21:53.6620|INFO|SprayProcessSCADASystemOnWinform.FrmMain|读取INI配置文件成功 
2025-03-14 10:22:27.9039|INFO|SprayProcessSCADASystemOnWinform.FrmMain|初始化侧边栏菜单成功 
2025-03-14 10:22:27.9163|INFO|SprayProcessSCADASystemOnWinform.FrmMain|初始化顶部菜单栏成功 
2025-03-14 10:22:27.9163|INFO|SprayProcessSCADASystemOnWinform.FrmMain|读取INI配置文件成功 
2025-03-14 10:22:37.7451|INFO|SprayProcessSCADASystemOnWinform.PageTotalEquipmentControl|修改用户成功 
2025-03-14 10:28:08.9304|INFO|SprayProcessSCADASystemOnWinform.FrmMain|初始化侧边栏菜单成功 
2025-03-14 10:28:08.9424|INFO|SprayProcessSCADASystemOnWinform.FrmMain|初始化顶部菜单栏成功 
2025-03-14 10:28:08.9424|INFO|SprayProcessSCADASystemOnWinform.FrmMain|读取INI配置文件成功 
2025-03-14 10:28:28.8310|INFO|SprayProcessSCADASystemOnWinform.PageTotalEquipmentControl|添加用户成功 
2025-03-14 10:30:11.3055|INFO|SprayProcessSCADASystemOnWinform.FrmMain|初始化侧边栏菜单成功 
2025-03-14 10:30:11.3176|INFO|SprayProcessSCADASystemOnWinform.FrmMain|初始化顶部菜单栏成功 
2025-03-14 10:30:11.3176|INFO|SprayProcessSCADASystemOnWinform.FrmMain|读取INI配置文件成功 
2025-03-14 10:31:23.3558|INFO|SprayProcessSCADASystemOnWinform.FrmMain|初始化侧边栏菜单成功 
2025-03-14 10:31:23.3691|INFO|SprayProcessSCADASystemOnWinform.FrmMain|初始化顶部菜单栏成功 
2025-03-14 10:31:23.3691|INFO|SprayProcessSCADASystemOnWinform.FrmMain|读取INI配置文件成功 
2025-03-14 10:32:22.1778|INFO|SprayProcessSCADASystemOnWinform.FrmMain|初始化侧边栏菜单成功 
2025-03-14 10:32:22.1916|INFO|SprayProcessSCADASystemOnWinform.FrmMain|初始化顶部菜单栏成功 
2025-03-14 10:32:22.1916|INFO|SprayProcessSCADASystemOnWinform.FrmMain|读取INI配置文件成功 
2025-03-14 10:32:34.0162|INFO|SprayProcessSCADASystemOnWinform.PageTotalEquipmentControl|修改用户成功 
2025-03-14 10:32:42.8949|INFO|SprayProcessSCADASystemOnWinform.PageTotalEquipmentControl|修改用户成功 
2025-03-14 10:32:53.9864|INFO|SprayProcessSCADASystemOnWinform.PageTotalEquipmentControl|修改用户成功 
2025-03-14 10:37:45.2672|INFO|SprayProcessSCADASystemOnWinform.FrmMain|初始化侧边栏菜单成功 
2025-03-14 10:37:45.2672|INFO|SprayProcessSCADASystemOnWinform.FrmMain|初始化顶部菜单栏成功 
2025-03-14 10:37:45.2672|INFO|SprayProcessSCADASystemOnWinform.FrmMain|读取INI配置文件成功 
2025-03-14 10:37:51.8012|INFO|SprayProcessSCADASystemOnWinform.PageTotalEquipmentControl|删除用户成功 
2025-03-14 10:37:53.4539|INFO|SprayProcessSCADASystemOnWinform.PageTotalEquipmentControl|删除用户成功 
2025-03-14 10:37:53.6013|INFO|SprayProcessSCADASystemOnWinform.PageTotalEquipmentControl|删除用户成功 
2025-03-14 10:37:53.7519|INFO|SprayProcessSCADASystemOnWinform.PageTotalEquipmentControl|删除用户成功 
2025-03-14 10:37:53.8953|INFO|SprayProcessSCADASystemOnWinform.PageTotalEquipmentControl|删除用户成功 
2025-03-14 10:37:54.0383|INFO|SprayProcessSCADASystemOnWinform.PageTotalEquipmentControl|删除用户成功 
2025-03-14 10:37:54.1877|INFO|SprayProcessSCADASystemOnWinform.PageTotalEquipmentControl|删除用户成功 
2025-03-14 10:37:54.3456|INFO|SprayProcessSCADASystemOnWinform.PageTotalEquipmentControl|删除用户成功 
2025-03-14 10:37:54.4798|INFO|SprayProcessSCADASystemOnWinform.PageTotalEquipmentControl|删除用户成功 
2025-03-14 10:37:54.6298|INFO|SprayProcessSCADASystemOnWinform.PageTotalEquipmentControl|删除用户成功 
2025-03-14 10:38:17.7437|INFO|SprayProcessSCADASystemOnWinform.FrmMain|初始化侧边栏菜单成功 
2025-03-14 10:38:17.7564|INFO|SprayProcessSCADASystemOnWinform.FrmMain|初始化顶部菜单栏成功 
2025-03-14 10:38:17.7564|INFO|SprayProcessSCADASystemOnWinform.FrmMain|读取INI配置文件成功 
2025-03-14 10:38:27.7983|INFO|SprayProcessSCADASystemOnWinform.PageTotalEquipmentControl|添加用户成功 
2025-03-14 10:38:30.7843|INFO|SprayProcessSCADASystemOnWinform.PageTotalEquipmentControl|添加用户成功 
2025-03-14 10:38:32.7090|INFO|SprayProcessSCADASystemOnWinform.PageTotalEquipmentControl|添加用户成功 
2025-03-14 10:38:35.0933|INFO|SprayProcessSCADASystemOnWinform.PageTotalEquipmentControl|删除用户成功 
2025-03-14 10:38:35.4232|INFO|SprayProcessSCADASystemOnWinform.PageTotalEquipmentControl|删除用户成功 
2025-03-14 10:38:35.6063|INFO|SprayProcessSCADASystemOnWinform.PageTotalEquipmentControl|删除用户成功 
2025-03-14 10:38:50.3671|INFO|SprayProcessSCADASystemOnWinform.PageTotalEquipmentControl|添加用户成功 
2025-03-14 10:38:55.8558|INFO|SprayProcessSCADASystemOnWinform.PageTotalEquipmentControl|添加用户成功 
2025-03-14 10:38:57.6803|INFO|SprayProcessSCADASystemOnWinform.PageTotalEquipmentControl|删除用户成功 
2025-03-14 10:51:34.5358|INFO|SprayProcessSCADASystemOnWinform.FrmMain|初始化侧边栏菜单成功 
2025-03-14 10:51:34.5485|INFO|SprayProcessSCADASystemOnWinform.FrmMain|初始化顶部菜单栏成功 
2025-03-14 10:51:34.5485|INFO|SprayProcessSCADASystemOnWinform.FrmMain|读取INI配置文件成功 
2025-03-14 10:58:21.3060|INFO|SprayProcessSCADASystemOnWinform.FrmMain|初始化侧边栏菜单成功 
2025-03-14 10:58:21.3191|INFO|SprayProcessSCADASystemOnWinform.FrmMain|初始化顶部菜单栏成功 
2025-03-14 10:58:21.3191|INFO|SprayProcessSCADASystemOnWinform.FrmMain|读取INI配置文件成功 
2025-03-14 10:59:14.2464|INFO|SprayProcessSCADASystemOnWinform.FrmMain|初始化侧边栏菜单成功 
2025-03-14 10:59:14.2603|INFO|SprayProcessSCADASystemOnWinform.FrmMain|初始化顶部菜单栏成功 
2025-03-14 10:59:14.2603|INFO|SprayProcessSCADASystemOnWinform.FrmMain|读取INI配置文件成功 
2025-03-14 11:07:09.1021|INFO|SprayProcessSCADASystemOnWinform.FrmMain|初始化侧边栏菜单成功 
2025-03-14 11:07:09.1142|INFO|SprayProcessSCADASystemOnWinform.FrmMain|初始化顶部菜单栏成功 
2025-03-14 11:07:09.1142|INFO|SprayProcessSCADASystemOnWinform.FrmMain|读取INI配置文件成功 
2025-03-14 11:18:29.2330|INFO|SprayProcessSCADASystemOnWinform.FrmMain|初始化侧边栏菜单成功 
2025-03-14 11:18:29.2489|INFO|SprayProcessSCADASystemOnWinform.FrmMain|初始化顶部菜单栏成功 
2025-03-14 11:18:29.2526|INFO|SprayProcessSCADASystemOnWinform.FrmMain|读取INI配置文件成功 
2025-03-14 11:18:48.6220|INFO|SprayProcessSCADASystemOnWinform.PageTotalEquipmentControl|加载权限成功 
2025-03-14 11:18:48.6220|INFO|SprayProcessSCADASystemOnWinform.PageTotalEquipmentControl|加载权限成功 
2025-03-14 11:18:48.6220|INFO|SprayProcessSCADASystemOnWinform.PageTotalEquipmentControl|加载权限成功 
2025-03-14 12:02:35.6114|INFO|SprayProcessSCADASystemOnWinform.FrmMain|初始化侧边栏菜单成功 
2025-03-14 12:02:35.6114|INFO|SprayProcessSCADASystemOnWinform.FrmMain|初始化顶部菜单栏成功 
2025-03-14 12:02:35.6294|INFO|SprayProcessSCADASystemOnWinform.FrmMain|读取INI配置文件成功 
2025-03-14 12:03:04.1876|INFO|SprayProcessSCADASystemOnWinform.PageTotalEquipmentControl|加载权限成功 
2025-03-14 12:03:04.1898|INFO|SprayProcessSCADASystemOnWinform.PageTotalEquipmentControl|加载权限成功 
2025-03-14 12:03:04.1898|INFO|SprayProcessSCADASystemOnWinform.PageTotalEquipmentControl|加载权限成功 
2025-03-14 12:03:14.3592|INFO|SprayProcessSCADASystemOnWinform.PageTotalEquipmentControl|添加用户成功 
2025-03-14 12:04:05.9122|INFO|SprayProcessSCADASystemOnWinform.FrmMain|初始化侧边栏菜单成功 
2025-03-14 12:04:05.9246|INFO|SprayProcessSCADASystemOnWinform.FrmMain|初始化顶部菜单栏成功 
2025-03-14 12:04:05.9246|INFO|SprayProcessSCADASystemOnWinform.FrmMain|读取INI配置文件成功 
2025-03-14 12:06:15.1198|INFO|SprayProcessSCADASystemOnWinform.FrmMain|初始化侧边栏菜单成功 
2025-03-14 12:06:15.1329|INFO|SprayProcessSCADASystemOnWinform.FrmMain|初始化顶部菜单栏成功 
2025-03-14 12:06:15.1329|INFO|SprayProcessSCADASystemOnWinform.FrmMain|读取INI配置文件成功 
2025-03-14 12:06:26.0783|INFO|SprayProcessSCADASystemOnWinform.PageTotalEquipmentControl|加载权限成功 
2025-03-14 12:06:26.0802|INFO|SprayProcessSCADASystemOnWinform.PageTotalEquipmentControl|加载权限成功 
2025-03-14 12:06:26.0802|INFO|SprayProcessSCADASystemOnWinform.PageTotalEquipmentControl|加载权限成功 
2025-03-14 12:07:25.7104|INFO|SprayProcessSCADASystemOnWinform.FrmMain|初始化侧边栏菜单成功 
2025-03-14 12:07:25.7231|INFO|SprayProcessSCADASystemOnWinform.FrmMain|初始化顶部菜单栏成功 
2025-03-14 12:07:25.7231|INFO|SprayProcessSCADASystemOnWinform.FrmMain|读取INI配置文件成功 
2025-03-14 12:07:32.7929|INFO|SprayProcessSCADASystemOnWinform.PageTotalEquipmentControl|加载权限成功 
2025-03-14 12:07:32.7929|INFO|SprayProcessSCADASystemOnWinform.PageTotalEquipmentControl|加载权限成功 
2025-03-14 12:07:32.7929|INFO|SprayProcessSCADASystemOnWinform.PageTotalEquipmentControl|加载权限成功 
2025-03-14 12:07:44.9150|INFO|SprayProcessSCADASystemOnWinform.PageTotalEquipmentControl|添加用户成功 
2025-03-14 12:08:29.8670|INFO|SprayProcessSCADASystemOnWinform.FrmMain|初始化侧边栏菜单成功 
2025-03-14 12:08:29.8794|INFO|SprayProcessSCADASystemOnWinform.FrmMain|初始化顶部菜单栏成功 
2025-03-14 12:08:29.8794|INFO|SprayProcessSCADASystemOnWinform.FrmMain|读取INI配置文件成功 
2025-03-14 12:09:10.3062|INFO|SprayProcessSCADASystemOnWinform.FrmMain|初始化侧边栏菜单成功 
2025-03-14 12:09:10.3197|INFO|SprayProcessSCADASystemOnWinform.FrmMain|初始化顶部菜单栏成功 
2025-03-14 12:09:10.3197|INFO|SprayProcessSCADASystemOnWinform.FrmMain|读取INI配置文件成功 
2025-03-14 12:09:17.9870|INFO|SprayProcessSCADASystemOnWinform.PageTotalEquipmentControl|删除用户成功 
2025-03-14 12:09:18.1274|INFO|SprayProcessSCADASystemOnWinform.PageTotalEquipmentControl|删除用户成功 
2025-03-14 12:09:18.2764|INFO|SprayProcessSCADASystemOnWinform.PageTotalEquipmentControl|删除用户成功 
2025-03-14 12:09:24.9993|INFO|SprayProcessSCADASystemOnWinform.PageTotalEquipmentControl|添加用户成功 
2025-03-14 12:12:05.2111|INFO|SprayProcessSCADASystemOnWinform.FrmMain|初始化侧边栏菜单成功 
2025-03-14 12:12:05.2231|INFO|SprayProcessSCADASystemOnWinform.FrmMain|初始化顶部菜单栏成功 
2025-03-14 12:12:05.2231|INFO|SprayProcessSCADASystemOnWinform.FrmMain|读取INI配置文件成功 
2025-03-14 12:14:45.7450|INFO|SprayProcessSCADASystemOnWinform.FrmMain|初始化侧边栏菜单成功 
2025-03-14 12:14:45.7572|INFO|SprayProcessSCADASystemOnWinform.FrmMain|初始化顶部菜单栏成功 
2025-03-14 12:14:45.7572|INFO|SprayProcessSCADASystemOnWinform.FrmMain|读取INI配置文件成功 
2025-03-14 12:16:09.9038|INFO|SprayProcessSCADASystemOnWinform.FrmMain|初始化侧边栏菜单成功 
2025-03-14 12:16:09.9161|INFO|SprayProcessSCADASystemOnWinform.FrmMain|初始化顶部菜单栏成功 
2025-03-14 12:16:09.9161|INFO|SprayProcessSCADASystemOnWinform.FrmMain|读取INI配置文件成功 
2025-03-14 13:52:53.4513|INFO|SprayProcessSCADASystemOnWinform.FrmMain|初始化侧边栏菜单成功 
2025-03-14 13:52:53.4677|INFO|SprayProcessSCADASystemOnWinform.FrmMain|初始化顶部菜单栏成功 
2025-03-14 13:52:53.4707|INFO|SprayProcessSCADASystemOnWinform.FrmMain|读取INI配置文件成功 
2025-03-14 14:22:02.2634|INFO|SprayProcessSCADASystemOnWinform.FrmMain|初始化侧边栏菜单成功 
2025-03-14 14:22:02.2753|INFO|SprayProcessSCADASystemOnWinform.FrmMain|初始化顶部菜单栏成功 
2025-03-14 14:22:02.2872|INFO|SprayProcessSCADASystemOnWinform.FrmMain|读取INI配置文件成功 
2025-03-14 14:27:02.2721|INFO|SprayProcessSCADASystemOnWinform.FrmMain|初始化侧边栏菜单成功 
2025-03-14 14:27:02.2842|INFO|SprayProcessSCADASystemOnWinform.FrmMain|初始化顶部菜单栏成功 
2025-03-14 14:27:02.2842|INFO|SprayProcessSCADASystemOnWinform.FrmMain|读取INI配置文件成功 
2025-03-14 14:53:11.6871|INFO|SprayProcessSCADASystemOnWinform.FrmMain|初始化侧边栏菜单成功 
2025-03-14 14:53:11.7022|INFO|SprayProcessSCADASystemOnWinform.FrmMain|初始化顶部菜单栏成功 
2025-03-14 14:53:11.7059|INFO|SprayProcessSCADASystemOnWinform.FrmMain|读取INI配置文件成功 
2025-03-14 14:54:07.0499|INFO|SprayProcessSCADASystemOnWinform.FrmMain|初始化侧边栏菜单成功 
2025-03-14 14:54:07.0840|INFO|SprayProcessSCADASystemOnWinform.FrmMain|初始化顶部菜单栏成功 
2025-03-14 14:54:07.0840|INFO|SprayProcessSCADASystemOnWinform.FrmMain|读取INI配置文件成功 
2025-03-14 14:54:07.2551|INFO|SprayProcessSCADASystemOnWinform.FrmMain|初始化PLC客户端成功 
2025-03-14 14:59:51.5910|INFO|SprayProcessSCADASystemOnWinform.FrmMain|初始化侧边栏菜单成功 
2025-03-14 14:59:51.6087|INFO|SprayProcessSCADASystemOnWinform.FrmMain|初始化顶部菜单栏成功 
2025-03-14 14:59:51.6121|INFO|SprayProcessSCADASystemOnWinform.FrmMain|读取INI配置文件成功 
2025-03-14 14:59:51.7072|INFO|SprayProcessSCADASystemOnWinform.FrmMain|初始化PLC客户端成功 
2025-03-14 15:04:18.3970|INFO|SprayProcessSCADASystemOnWinform.FrmMain|初始化侧边栏菜单成功 
2025-03-14 15:04:18.4100|INFO|SprayProcessSCADASystemOnWinform.FrmMain|初始化顶部菜单栏成功 
2025-03-14 15:04:18.4100|INFO|SprayProcessSCADASystemOnWinform.FrmMain|读取INI配置文件成功 
2025-03-14 15:04:18.4959|INFO|SprayProcessSCADASystemOnWinform.FrmMain|初始化PLC客户端成功 
2025-03-14 15:06:11.2811|INFO|SprayProcessSCADASystemOnWinform.FrmMain|初始化侧边栏菜单成功 
2025-03-14 15:06:11.2945|INFO|SprayProcessSCADASystemOnWinform.FrmMain|初始化顶部菜单栏成功 
2025-03-14 15:06:11.2945|INFO|SprayProcessSCADASystemOnWinform.FrmMain|读取INI配置文件成功 
2025-03-14 15:06:11.3867|INFO|SprayProcessSCADASystemOnWinform.FrmMain|初始化PLC客户端成功 
2025-03-14 15:11:45.1562|INFO|SprayProcessSCADASystemOnWinform.FrmMain|初始化侧边栏菜单成功 
2025-03-14 15:11:45.1697|INFO|SprayProcessSCADASystemOnWinform.FrmMain|初始化顶部菜单栏成功 
2025-03-14 15:11:45.1731|INFO|SprayProcessSCADASystemOnWinform.FrmMain|读取INI配置文件成功 
2025-03-14 15:11:45.2935|INFO|SprayProcessSCADASystemOnWinform.FrmMain|初始化PLC客户端成功 
2025-03-14 15:13:49.6584|INFO|SprayProcessSCADASystemOnWinform.FrmMain|初始化侧边栏菜单成功 
2025-03-14 15:13:49.6584|INFO|SprayProcessSCADASystemOnWinform.FrmMain|初始化顶部菜单栏成功 
2025-03-14 15:13:49.6735|INFO|SprayProcessSCADASystemOnWinform.FrmMain|读取INI配置文件成功 
2025-03-14 15:13:49.7609|INFO|SprayProcessSCADASystemOnWinform.FrmMain|初始化PLC客户端成功 
2025-03-14 15:14:31.7405|INFO|SprayProcessSCADASystemOnWinform.FrmMain|初始化侧边栏菜单成功 
2025-03-14 15:14:31.7528|INFO|SprayProcessSCADASystemOnWinform.FrmMain|初始化顶部菜单栏成功 
2025-03-14 15:14:31.7528|INFO|SprayProcessSCADASystemOnWinform.FrmMain|读取INI配置文件成功 
2025-03-14 15:14:31.8405|INFO|SprayProcessSCADASystemOnWinform.FrmMain|初始化PLC客户端成功 
2025-03-14 15:15:43.0797|INFO|SprayProcessSCADASystemOnWinform.FrmMain|初始化侧边栏菜单成功 
2025-03-14 15:15:43.0797|INFO|SprayProcessSCADASystemOnWinform.FrmMain|初始化顶部菜单栏成功 
2025-03-14 15:15:43.0963|INFO|SprayProcessSCADASystemOnWinform.FrmMain|读取INI配置文件成功 
2025-03-14 15:15:43.1897|INFO|SprayProcessSCADASystemOnWinform.FrmMain|初始化PLC客户端成功 
2025-03-14 15:28:57.5064|INFO|SprayProcessSCADASystemOnWinform.FrmMain|初始化侧边栏菜单成功 
2025-03-14 15:28:57.5186|INFO|SprayProcessSCADASystemOnWinform.FrmMain|初始化顶部菜单栏成功 
2025-03-14 15:28:57.5186|INFO|SprayProcessSCADASystemOnWinform.FrmMain|读取INI配置文件成功 
2025-03-14 15:28:57.6102|INFO|SprayProcessSCADASystemOnWinform.FrmMain|初始化PLC客户端成功 
2025-03-14 15:32:09.8508|INFO|SprayProcessSCADASystemOnWinform.FrmMain|初始化侧边栏菜单成功 
2025-03-14 15:32:09.8653|INFO|SprayProcessSCADASystemOnWinform.FrmMain|初始化顶部菜单栏成功 
2025-03-14 15:32:09.8653|INFO|SprayProcessSCADASystemOnWinform.FrmMain|读取INI配置文件成功 
2025-03-14 15:32:09.9564|INFO|SprayProcessSCADASystemOnWinform.FrmMain|初始化PLC客户端成功 
2025-03-14 15:33:39.4250|INFO|SprayProcessSCADASystemOnWinform.FrmMain|初始化侧边栏菜单成功 
2025-03-14 15:33:39.4387|INFO|SprayProcessSCADASystemOnWinform.FrmMain|初始化顶部菜单栏成功 
2025-03-14 15:33:39.4387|INFO|SprayProcessSCADASystemOnWinform.FrmMain|读取INI配置文件成功 
2025-03-14 15:33:39.5243|INFO|SprayProcessSCADASystemOnWinform.FrmMain|初始化PLC客户端成功 
2025-03-14 15:36:12.2234|INFO|SprayProcessSCADASystemOnWinform.FrmMain|初始化侧边栏菜单成功 
2025-03-14 15:36:12.2362|INFO|SprayProcessSCADASystemOnWinform.FrmMain|初始化顶部菜单栏成功 
2025-03-14 15:36:12.2362|INFO|SprayProcessSCADASystemOnWinform.FrmMain|读取INI配置文件成功 
2025-03-14 15:36:12.3244|INFO|SprayProcessSCADASystemOnWinform.FrmMain|初始化PLC客户端成功 
2025-03-14 15:37:46.2456|INFO|SprayProcessSCADASystemOnWinform.FrmMain|初始化侧边栏菜单成功 
2025-03-14 15:37:46.2629|INFO|SprayProcessSCADASystemOnWinform.FrmMain|初始化顶部菜单栏成功 
2025-03-14 15:37:46.2629|INFO|SprayProcessSCADASystemOnWinform.FrmMain|读取INI配置文件成功 
2025-03-14 15:37:46.3535|INFO|SprayProcessSCADASystemOnWinform.FrmMain|初始化PLC客户端成功 
2025-03-14 15:41:34.5096|INFO|SprayProcessSCADASystemOnWinform.FrmMain|初始化侧边栏菜单成功 
2025-03-14 15:41:34.5228|INFO|SprayProcessSCADASystemOnWinform.FrmMain|初始化顶部菜单栏成功 
2025-03-14 15:41:34.5228|INFO|SprayProcessSCADASystemOnWinform.FrmMain|读取INI配置文件成功 
2025-03-14 15:42:53.5426|INFO|SprayProcessSCADASystemOnWinform.FrmMain|初始化侧边栏菜单成功 
2025-03-14 15:42:53.5560|INFO|SprayProcessSCADASystemOnWinform.FrmMain|初始化顶部菜单栏成功 
2025-03-14 15:42:53.5560|INFO|SprayProcessSCADASystemOnWinform.FrmMain|读取INI配置文件成功 
2025-03-14 15:42:53.6499|INFO|SprayProcessSCADASystemOnWinform.FrmMain|初始化PLC客户端成功 
2025-03-14 15:44:55.6522|INFO|SprayProcessSCADASystemOnWinform.FrmMain|初始化侧边栏菜单成功 
2025-03-14 15:44:55.6644|INFO|SprayProcessSCADASystemOnWinform.FrmMain|初始化顶部菜单栏成功 
2025-03-14 15:44:55.6644|INFO|SprayProcessSCADASystemOnWinform.FrmMain|读取INI配置文件成功 
2025-03-14 15:44:55.7591|INFO|SprayProcessSCADASystemOnWinform.FrmMain|初始化PLC客户端成功 
2025-03-14 15:53:27.6333|INFO|SprayProcessSCADASystemOnWinform.FrmMain|初始化侧边栏菜单成功 
2025-03-14 15:53:27.6457|INFO|SprayProcessSCADASystemOnWinform.FrmMain|初始化顶部菜单栏成功 
2025-03-14 15:53:27.6457|INFO|SprayProcessSCADASystemOnWinform.FrmMain|读取INI配置文件成功 
2025-03-14 15:53:27.7364|INFO|SprayProcessSCADASystemOnWinform.FrmMain|初始化PLC客户端成功 
2025-03-14 15:55:19.5318|INFO|SprayProcessSCADASystemOnWinform.FrmMain|初始化侧边栏菜单成功 
2025-03-14 15:55:19.5448|INFO|SprayProcessSCADASystemOnWinform.FrmMain|初始化顶部菜单栏成功 
2025-03-14 15:55:19.5481|INFO|SprayProcessSCADASystemOnWinform.FrmMain|读取INI配置文件成功 
2025-03-14 15:55:19.6342|INFO|SprayProcessSCADASystemOnWinform.FrmMain|初始化PLC客户端成功 
2025-03-14 15:57:57.0988|INFO|SprayProcessSCADASystemOnWinform.FrmMain|初始化侧边栏菜单成功 
2025-03-14 15:57:57.1121|INFO|SprayProcessSCADASystemOnWinform.FrmMain|初始化顶部菜单栏成功 
2025-03-14 15:57:57.1121|INFO|SprayProcessSCADASystemOnWinform.FrmMain|读取INI配置文件成功 
2025-03-14 15:57:57.2068|INFO|SprayProcessSCADASystemOnWinform.FrmMain|初始化PLC客户端成功 
2025-03-14 15:59:40.2132|INFO|SprayProcessSCADASystemOnWinform.FrmMain|初始化侧边栏菜单成功 
2025-03-14 15:59:40.2257|INFO|SprayProcessSCADASystemOnWinform.FrmMain|初始化顶部菜单栏成功 
2025-03-14 15:59:40.2257|INFO|SprayProcessSCADASystemOnWinform.FrmMain|读取INI配置文件成功 
2025-03-14 15:59:40.3244|INFO|SprayProcessSCADASystemOnWinform.FrmMain|初始化PLC客户端成功 
2025-03-14 15:59:59.2641|INFO|SprayProcessSCADASystemOnWinform.PageTotalEquipmentControl|写入脱脂工位开成功 
2025-03-14 15:59:59.6642|INFO|SprayProcessSCADASystemOnWinform.PageTotalEquipmentControl|写入脱脂工位关成功 
2025-03-14 16:00:00.8876|INFO|SprayProcessSCADASystemOnWinform.PageTotalEquipmentControl|写入粗洗工位开成功 
2025-03-14 16:00:01.1910|INFO|SprayProcessSCADASystemOnWinform.PageTotalEquipmentControl|写入粗洗工位关成功 
2025-03-14 16:00:06.1647|INFO|SprayProcessSCADASystemOnWinform.PageTotalEquipmentControl|写入总启动成功 
2025-03-14 16:00:06.8791|INFO|SprayProcessSCADASystemOnWinform.PageTotalEquipmentControl|写入总启动成功 
2025-03-14 16:00:08.8679|INFO|SprayProcessSCADASystemOnWinform.PageTotalEquipmentControl|写入总停止成功 
2025-03-14 16:00:09.2649|INFO|SprayProcessSCADASystemOnWinform.PageTotalEquipmentControl|写入总停止成功 
2025-03-14 16:00:10.5302|INFO|SprayProcessSCADASystemOnWinform.PageTotalEquipmentControl|写入空运行成功 
2025-03-14 16:00:11.0076|INFO|SprayProcessSCADASystemOnWinform.PageTotalEquipmentControl|写入空运行成功 
2025-03-14 16:00:11.4155|INFO|SprayProcessSCADASystemOnWinform.PageTotalEquipmentControl|写入报警复位成功 
2025-03-14 16:00:11.7258|INFO|SprayProcessSCADASystemOnWinform.PageTotalEquipmentControl|写入报警复位成功 
2025-03-14 16:00:13.0322|INFO|SprayProcessSCADASystemOnWinform.PageTotalEquipmentControl|写入机械复位成功 
2025-03-14 16:00:13.2955|INFO|SprayProcessSCADASystemOnWinform.PageTotalEquipmentControl|写入机械复位成功 
2025-03-14 16:00:13.9578|INFO|SprayProcessSCADASystemOnWinform.PageTotalEquipmentControl|写入总停止成功 
2025-03-14 16:00:14.1112|INFO|SprayProcessSCADASystemOnWinform.PageTotalEquipmentControl|写入总停止成功 
2025-03-14 16:00:14.3231|INFO|SprayProcessSCADASystemOnWinform.PageTotalEquipmentControl|写入总启动成功 
2025-03-14 16:00:14.4855|INFO|SprayProcessSCADASystemOnWinform.PageTotalEquipmentControl|写入总启动成功 
2025-03-14 16:00:15.0385|INFO|SprayProcessSCADASystemOnWinform.PageTotalEquipmentControl|写入总停止成功 
2025-03-14 16:00:15.1974|INFO|SprayProcessSCADASystemOnWinform.PageTotalEquipmentControl|写入总停止成功 
2025-03-14 16:00:15.3488|INFO|SprayProcessSCADASystemOnWinform.PageTotalEquipmentControl|写入总停止成功 
2025-03-14 16:00:22.1906|INFO|SprayProcessSCADASystemOnWinform.PageTotalEquipmentControl|写入总停止成功 
2025-03-14 16:00:22.6750|INFO|SprayProcessSCADASystemOnWinform.PageTotalEquipmentControl|写入总停止成功 
2025-03-14 16:00:22.8263|INFO|SprayProcessSCADASystemOnWinform.PageTotalEquipmentControl|写入总停止成功 
2025-03-14 16:03:58.2308|INFO|SprayProcessSCADASystemOnWinform.FrmMain|初始化侧边栏菜单成功 
2025-03-14 16:03:58.2440|INFO|SprayProcessSCADASystemOnWinform.FrmMain|初始化顶部菜单栏成功 
2025-03-14 16:03:58.2440|INFO|SprayProcessSCADASystemOnWinform.FrmMain|读取INI配置文件成功 
2025-03-14 16:05:38.7633|INFO|SprayProcessSCADASystemOnWinform.FrmMain|初始化侧边栏菜单成功 
2025-03-14 16:05:38.7761|INFO|SprayProcessSCADASystemOnWinform.FrmMain|初始化顶部菜单栏成功 
2025-03-14 16:05:38.7761|INFO|SprayProcessSCADASystemOnWinform.FrmMain|读取INI配置文件成功 
2025-03-14 19:14:28.9023|INFO|SprayProcessSCADASystemOnWinform.FrmMain|初始化侧边栏菜单成功 
2025-03-14 19:14:28.9283|INFO|SprayProcessSCADASystemOnWinform.FrmMain|初始化顶部菜单栏成功 
2025-03-14 19:14:28.9283|INFO|SprayProcessSCADASystemOnWinform.FrmMain|读取INI配置文件成功 
2025-03-14 19:14:55.0848|INFO|SprayProcessSCADASystemOnWinform.FrmMain|初始化侧边栏菜单成功 
2025-03-14 19:14:55.1051|INFO|SprayProcessSCADASystemOnWinform.FrmMain|初始化顶部菜单栏成功 
2025-03-14 19:14:55.1051|INFO|SprayProcessSCADASystemOnWinform.FrmMain|读取INI配置文件成功 
2025-03-14 19:14:55.2692|INFO|SprayProcessSCADASystemOnWinform.FrmMain|初始化PLC客户端成功 
2025-03-14 19:54:05.2631|INFO|SprayProcessSCADASystemOnWinform.FrmMain|初始化侧边栏菜单成功 
2025-03-14 19:54:05.2931|INFO|SprayProcessSCADASystemOnWinform.FrmMain|初始化顶部菜单栏成功 
2025-03-14 19:54:05.2931|INFO|SprayProcessSCADASystemOnWinform.FrmMain|读取INI配置文件成功 
2025-03-14 19:54:05.4588|INFO|SprayProcessSCADASystemOnWinform.FrmMain|初始化PLC客户端成功 
2025-03-14 20:04:21.3563|INFO|SprayProcessSCADASystemOnWinform.FrmMain|初始化侧边栏菜单成功 
2025-03-14 20:04:21.3767|INFO|SprayProcessSCADASystemOnWinform.FrmMain|初始化顶部菜单栏成功 
2025-03-14 20:04:21.3817|INFO|SprayProcessSCADASystemOnWinform.FrmMain|读取INI配置文件成功 
2025-03-14 20:04:21.4988|INFO|SprayProcessSCADASystemOnWinform.FrmMain|初始化PLC客户端成功 
2025-03-14 20:09:37.7053|INFO|SprayProcessSCADASystemOnWinform.FrmMain|初始化侧边栏菜单成功 
2025-03-14 20:09:37.7321|INFO|SprayProcessSCADASystemOnWinform.FrmMain|初始化顶部菜单栏成功 
2025-03-14 20:09:37.7401|INFO|SprayProcessSCADASystemOnWinform.FrmMain|读取INI配置文件成功 
2025-03-14 20:09:37.9631|INFO|SprayProcessSCADASystemOnWinform.FrmMain|初始化PLC客户端成功 
2025-03-14 20:11:53.7763|INFO|SprayProcessSCADASystemOnWinform.FrmMain|初始化侧边栏菜单成功 
2025-03-14 20:11:53.7914|INFO|SprayProcessSCADASystemOnWinform.FrmMain|初始化顶部菜单栏成功 
2025-03-14 20:11:53.7914|INFO|SprayProcessSCADASystemOnWinform.FrmMain|读取INI配置文件成功 
2025-03-14 20:11:53.9010|INFO|SprayProcessSCADASystemOnWinform.FrmMain|初始化PLC客户端成功 
2025-03-14 20:15:29.9874|INFO|SprayProcessSCADASystemOnWinform.FrmMain|初始化侧边栏菜单成功 
2025-03-14 20:15:30.0083|INFO|SprayProcessSCADASystemOnWinform.FrmMain|初始化顶部菜单栏成功 
2025-03-14 20:15:30.0083|INFO|SprayProcessSCADASystemOnWinform.FrmMain|读取INI配置文件成功 
2025-03-14 20:15:30.1637|INFO|SprayProcessSCADASystemOnWinform.FrmMain|初始化PLC客户端成功 
2025-03-14 20:46:48.2837|INFO|SprayProcessSCADASystemOnWinform.FrmMain|初始化侧边栏菜单成功 
2025-03-14 20:46:48.3052|INFO|SprayProcessSCADASystemOnWinform.FrmMain|初始化顶部菜单栏成功 
2025-03-14 20:46:48.3052|INFO|SprayProcessSCADASystemOnWinform.FrmMain|读取INI配置文件成功 
2025-03-14 20:46:48.4584|INFO|SprayProcessSCADASystemOnWinform.FrmMain|初始化PLC客户端成功 
2025-03-14 20:55:42.9381|INFO|SprayProcessSCADASystemOnWinform.FrmMain|初始化侧边栏菜单成功 
2025-03-14 20:55:42.9691|INFO|SprayProcessSCADASystemOnWinform.FrmMain|初始化顶部菜单栏成功 
2025-03-14 20:55:42.9742|INFO|SprayProcessSCADASystemOnWinform.FrmMain|读取INI配置文件成功 
2025-03-14 20:55:43.1025|INFO|SprayProcessSCADASystemOnWinform.FrmMain|初始化PLC客户端成功 
2025-03-14 21:03:46.8528|INFO|SprayProcessSCADASystemOnWinform.FrmMain|初始化侧边栏菜单成功 
2025-03-14 21:03:46.8724|INFO|SprayProcessSCADASystemOnWinform.FrmMain|初始化顶部菜单栏成功 
2025-03-14 21:03:46.8724|INFO|SprayProcessSCADASystemOnWinform.FrmMain|读取INI配置文件成功 
2025-03-14 21:03:46.9897|INFO|SprayProcessSCADASystemOnWinform.FrmMain|初始化PLC客户端成功 
2025-03-14 21:07:49.5138|INFO|SprayProcessSCADASystemOnWinform.FrmMain|初始化侧边栏菜单成功 
2025-03-14 21:07:49.5332|INFO|SprayProcessSCADASystemOnWinform.FrmMain|初始化顶部菜单栏成功 
2025-03-14 21:07:49.5378|INFO|SprayProcessSCADASystemOnWinform.FrmMain|读取INI配置文件成功 
2025-03-14 21:07:49.6723|INFO|SprayProcessSCADASystemOnWinform.FrmMain|初始化PLC客户端成功 
2025-03-14 21:11:22.0887|INFO|SprayProcessSCADASystemOnWinform.FrmMain|初始化侧边栏菜单成功 
2025-03-14 21:11:22.1080|INFO|SprayProcessSCADASystemOnWinform.FrmMain|初始化顶部菜单栏成功 
2025-03-14 21:11:22.1124|INFO|SprayProcessSCADASystemOnWinform.FrmMain|读取INI配置文件成功 
2025-03-14 21:11:22.2198|INFO|SprayProcessSCADASystemOnWinform.FrmMain|初始化PLC客户端成功 
2025-03-14 21:15:11.6680|INFO|SprayProcessSCADASystemOnWinform.FrmMain|初始化侧边栏菜单成功 
2025-03-14 21:15:11.6988|INFO|SprayProcessSCADASystemOnWinform.FrmMain|初始化顶部菜单栏成功 
2025-03-14 21:15:11.6988|INFO|SprayProcessSCADASystemOnWinform.FrmMain|读取INI配置文件成功 
2025-03-14 21:15:11.8744|INFO|SprayProcessSCADASystemOnWinform.FrmMain|初始化PLC客户端成功 
2025-03-14 21:19:04.2659|INFO|SprayProcessSCADASystemOnWinform.FrmMain|初始化侧边栏菜单成功 
2025-03-14 21:19:04.2826|INFO|SprayProcessSCADASystemOnWinform.FrmMain|初始化顶部菜单栏成功 
2025-03-14 21:19:04.2866|INFO|SprayProcessSCADASystemOnWinform.FrmMain|读取INI配置文件成功 
2025-03-14 21:19:04.4134|INFO|SprayProcessSCADASystemOnWinform.FrmMain|初始化PLC客户端成功 
2025-03-14 21:20:01.1608|INFO|SprayProcessSCADASystemOnWinform.FrmMain|初始化侧边栏菜单成功 
2025-03-14 21:20:01.1798|INFO|SprayProcessSCADASystemOnWinform.FrmMain|初始化顶部菜单栏成功 
2025-03-14 21:20:01.1798|INFO|SprayProcessSCADASystemOnWinform.FrmMain|读取INI配置文件成功 
2025-03-14 21:20:01.3155|INFO|SprayProcessSCADASystemOnWinform.FrmMain|初始化PLC客户端成功 
2025-03-14 21:22:13.3901|INFO|SprayProcessSCADASystemOnWinform.FrmMain|初始化侧边栏菜单成功 
2025-03-14 21:22:13.4114|INFO|SprayProcessSCADASystemOnWinform.FrmMain|初始化顶部菜单栏成功 
2025-03-14 21:22:13.4114|INFO|SprayProcessSCADASystemOnWinform.FrmMain|读取INI配置文件成功 
2025-03-14 21:22:13.5400|INFO|SprayProcessSCADASystemOnWinform.FrmMain|初始化PLC客户端成功 
2025-03-14 21:22:56.4178|INFO|SprayProcessSCADASystemOnWinform.FrmMain|初始化侧边栏菜单成功 
2025-03-14 21:22:56.4378|INFO|SprayProcessSCADASystemOnWinform.FrmMain|初始化顶部菜单栏成功 
2025-03-14 21:22:56.4424|INFO|SprayProcessSCADASystemOnWinform.FrmMain|读取INI配置文件成功 
2025-03-14 21:22:56.5543|INFO|SprayProcessSCADASystemOnWinform.FrmMain|初始化PLC客户端成功 
2025-03-14 21:23:38.1698|INFO|SprayProcessSCADASystemOnWinform.FrmMain|初始化侧边栏菜单成功 
2025-03-14 21:23:38.1882|INFO|SprayProcessSCADASystemOnWinform.FrmMain|初始化顶部菜单栏成功 
2025-03-14 21:23:38.1924|INFO|SprayProcessSCADASystemOnWinform.FrmMain|读取INI配置文件成功 
2025-03-14 21:23:38.3215|INFO|SprayProcessSCADASystemOnWinform.FrmMain|初始化PLC客户端成功 
2025-03-14 21:27:03.7232|INFO|SprayProcessSCADASystemOnWinform.FrmMain|初始化侧边栏菜单成功 
2025-03-14 21:27:03.7429|INFO|SprayProcessSCADASystemOnWinform.FrmMain|初始化顶部菜单栏成功 
2025-03-14 21:27:03.7429|INFO|SprayProcessSCADASystemOnWinform.FrmMain|读取INI配置文件成功 
2025-03-14 21:27:03.8716|INFO|SprayProcessSCADASystemOnWinform.FrmMain|初始化PLC客户端成功 
2025-03-14 21:30:14.1248|INFO|SprayProcessSCADASystemOnWinform.FrmMain|初始化侧边栏菜单成功 
2025-03-14 21:30:14.1510|INFO|SprayProcessSCADASystemOnWinform.FrmMain|初始化顶部菜单栏成功 
2025-03-14 21:30:14.1510|INFO|SprayProcessSCADASystemOnWinform.FrmMain|读取INI配置文件成功 
2025-03-14 21:30:14.3338|INFO|SprayProcessSCADASystemOnWinform.FrmMain|初始化PLC客户端成功 
2025-03-14 21:34:09.2516|INFO|SprayProcessSCADASystemOnWinform.FrmMain|初始化侧边栏菜单成功 
2025-03-14 21:34:09.2767|INFO|SprayProcessSCADASystemOnWinform.FrmMain|初始化顶部菜单栏成功 
2025-03-14 21:34:09.2767|INFO|SprayProcessSCADASystemOnWinform.FrmMain|读取INI配置文件成功 
2025-03-14 21:34:09.4503|INFO|SprayProcessSCADASystemOnWinform.FrmMain|初始化PLC客户端成功 
2025-03-14 21:36:03.9513|INFO|SprayProcessSCADASystemOnWinform.FrmMain|初始化侧边栏菜单成功 
2025-03-14 21:36:03.9712|INFO|SprayProcessSCADASystemOnWinform.FrmMain|初始化顶部菜单栏成功 
2025-03-14 21:36:03.9752|INFO|SprayProcessSCADASystemOnWinform.FrmMain|读取INI配置文件成功 
2025-03-14 21:36:04.0922|INFO|SprayProcessSCADASystemOnWinform.FrmMain|初始化PLC客户端成功 
2025-03-14 21:39:37.4908|INFO|SprayProcessSCADASystemOnWinform.FrmMain|初始化侧边栏菜单成功 
2025-03-14 21:39:37.5084|INFO|SprayProcessSCADASystemOnWinform.FrmMain|初始化顶部菜单栏成功 
2025-03-14 21:39:37.5084|INFO|SprayProcessSCADASystemOnWinform.FrmMain|读取INI配置文件成功 
2025-03-14 21:39:37.6439|INFO|SprayProcessSCADASystemOnWinform.FrmMain|初始化PLC客户端成功 
