2025-03-26 15:19:38.3868|INFO|ScadaSystem.ViewModels.MainViewModel|测试日志 
2025-03-26 15:19:38.3868|INFO|ScadaSystem.ViewModels.MainViewModel|127.0.0.1 
2025-03-26 15:19:38.4017|INFO|ScadaSystem.ViewModels.MainViewModel|102 
2025-03-26 15:21:04.3058|INFO|ScadaSystem.ViewModels.MainViewModel|测试日志 
2025-03-26 15:21:04.3163|INFO|ScadaSystem.ViewModels.MainViewModel|127.0.0.1 
2025-03-26 15:21:04.3163|INFO|ScadaSystem.ViewModels.MainViewModel|102 
2025-03-26 15:21:45.8269|INFO|ScadaSystem.ViewModels.MainViewModel|测试日志 
2025-03-26 15:21:45.8269|INFO|ScadaSystem.ViewModels.MainViewModel|127.0.0.1 
2025-03-26 15:21:45.8269|INFO|ScadaSystem.ViewModels.MainViewModel|102 
2025-03-26 15:23:17.5011|INFO|ScadaSystem.ViewModels.MainViewModel|测试日志 
2025-03-26 15:23:17.5128|INFO|ScadaSystem.ViewModels.MainViewModel|127.0.0.1 
2025-03-26 15:23:17.5128|INFO|ScadaSystem.ViewModels.MainViewModel|102 
2025-03-26 15:32:47.4661|INFO|ScadaSystem.ViewModels.MainViewModel|测试日志 
2025-03-26 15:32:47.4661|INFO|ScadaSystem.ViewModels.MainViewModel|127.0.0.1 
2025-03-26 15:32:47.4661|INFO|ScadaSystem.ViewModels.MainViewModel|102 
2025-03-26 15:32:51.0589|INFO|ScadaSystem.ViewModels.DeviceViewModel|写入成功 
2025-03-26 15:32:55.9960|INFO|ScadaSystem.ViewModels.DeviceViewModel|写入成功 
2025-03-26 15:32:58.7643|INFO|ScadaSystem.ViewModels.DeviceViewModel|写入成功 
2025-03-26 15:34:47.7175|INFO|ScadaSystem.ViewModels.DeviceViewModel|写入成功 
2025-03-26 15:35:07.3740|INFO|ScadaSystem.ViewModels.DeviceViewModel|写入成功 
2025-03-26 15:40:21.5790|INFO|ScadaSystem.ViewModels.MainViewModel|测试日志 
2025-03-26 15:40:21.6142|INFO|ScadaSystem.ViewModels.MainViewModel|127.0.0.1 
2025-03-26 15:40:21.6142|INFO|ScadaSystem.ViewModels.MainViewModel|102 
2025-03-26 15:40:37.4279|INFO|ScadaSystem.ViewModels.DeviceViewModel|写入成功 
2025-03-26 15:40:54.7369|INFO|ScadaSystem.ViewModels.DeviceViewModel|写入成功 
2025-03-26 15:41:00.3028|INFO|ScadaSystem.ViewModels.DeviceViewModel|写入成功 
2025-03-26 15:45:29.2504|INFO|ScadaSystem.ViewModels.MainViewModel|测试日志 
2025-03-26 15:45:29.2621|INFO|ScadaSystem.ViewModels.MainViewModel|127.0.0.1 
2025-03-26 15:45:29.2621|INFO|ScadaSystem.ViewModels.MainViewModel|102 
2025-03-26 15:45:58.2538|INFO|ScadaSystem.ViewModels.MainViewModel|测试日志 
2025-03-26 15:45:58.2674|INFO|ScadaSystem.ViewModels.MainViewModel|127.0.0.1 
2025-03-26 15:45:58.2674|INFO|ScadaSystem.ViewModels.MainViewModel|102 
2025-03-26 15:46:01.5168|INFO|ScadaSystem.ViewModels.DeviceViewModel|写入成功 
2025-03-26 15:46:04.8350|INFO|ScadaSystem.ViewModels.DeviceViewModel|写入成功 
2025-03-26 15:46:07.1484|INFO|ScadaSystem.ViewModels.DeviceViewModel|写入成功 
2025-03-26 15:46:09.0767|INFO|ScadaSystem.ViewModels.DeviceViewModel|写入成功 
2025-03-26 15:47:08.0558|INFO|ScadaSystem.ViewModels.MainViewModel|测试日志 
2025-03-26 15:47:08.0680|INFO|ScadaSystem.ViewModels.MainViewModel|127.0.0.1 
2025-03-26 15:47:08.0680|INFO|ScadaSystem.ViewModels.MainViewModel|102 
2025-03-26 15:47:14.0512|INFO|ScadaSystem.ViewModels.DeviceViewModel|写入成功 
2025-03-26 15:47:18.0013|INFO|ScadaSystem.ViewModels.DeviceViewModel|写入成功 
2025-03-26 15:47:19.4769|INFO|ScadaSystem.ViewModels.DeviceViewModel|写入成功 
2025-03-26 15:55:29.6683|INFO|ScadaSystem.ViewModels.MainViewModel|测试日志 
2025-03-26 15:55:29.6683|INFO|ScadaSystem.ViewModels.MainViewModel|127.0.0.1 
2025-03-26 15:55:29.6683|INFO|ScadaSystem.ViewModels.MainViewModel|102 
2025-03-26 15:56:01.0217|INFO|ScadaSystem.ViewModels.MainViewModel|测试日志 
2025-03-26 15:56:01.0332|INFO|ScadaSystem.ViewModels.MainViewModel|127.0.0.1 
2025-03-26 15:56:01.0332|INFO|ScadaSystem.ViewModels.MainViewModel|102 
2025-03-26 15:59:18.3233|INFO|ScadaSystem.ViewModels.MainViewModel|测试日志 
2025-03-26 15:59:18.3364|INFO|ScadaSystem.ViewModels.MainViewModel|127.0.0.1 
2025-03-26 15:59:18.3364|INFO|ScadaSystem.ViewModels.MainViewModel|102 
2025-03-26 16:00:04.4675|INFO|ScadaSystem.ViewModels.MainViewModel|测试日志 
2025-03-26 16:00:04.4675|INFO|ScadaSystem.ViewModels.MainViewModel|127.0.0.1 
2025-03-26 16:00:04.4675|INFO|ScadaSystem.ViewModels.MainViewModel|102 
2025-03-26 16:00:07.6033|INFO|ScadaSystem.ViewModels.DeviceViewModel|写入成功 
2025-03-26 16:00:08.5401|INFO|ScadaSystem.ViewModels.DeviceViewModel|写入成功 
2025-03-26 16:00:09.4594|INFO|ScadaSystem.ViewModels.DeviceViewModel|写入成功 
2025-03-26 16:00:10.0369|INFO|ScadaSystem.ViewModels.DeviceViewModel|写入成功 
2025-03-26 16:00:10.2498|INFO|ScadaSystem.ViewModels.DeviceViewModel|写入成功 
2025-03-26 16:00:11.7698|INFO|ScadaSystem.ViewModels.DeviceViewModel|写入成功 
2025-03-26 16:00:12.2974|INFO|ScadaSystem.ViewModels.DeviceViewModel|写入成功 
2025-03-26 16:00:12.4853|INFO|ScadaSystem.ViewModels.DeviceViewModel|写入成功 
2025-03-26 16:00:12.7791|INFO|ScadaSystem.ViewModels.DeviceViewModel|写入成功 
2025-03-26 16:00:12.9618|INFO|ScadaSystem.ViewModels.DeviceViewModel|写入成功 
2025-03-26 16:00:13.1798|INFO|ScadaSystem.ViewModels.DeviceViewModel|写入成功 
2025-03-26 16:00:13.3516|INFO|ScadaSystem.ViewModels.DeviceViewModel|写入成功 
2025-03-26 16:00:13.4951|INFO|ScadaSystem.ViewModels.DeviceViewModel|写入成功 
2025-03-26 16:00:13.9431|INFO|ScadaSystem.ViewModels.DeviceViewModel|写入成功 
2025-03-26 16:00:14.0951|INFO|ScadaSystem.ViewModels.DeviceViewModel|写入成功 
2025-03-26 16:00:14.5579|INFO|ScadaSystem.ViewModels.DeviceViewModel|写入成功 
2025-03-26 16:00:14.6990|INFO|ScadaSystem.ViewModels.DeviceViewModel|写入成功 
2025-03-26 16:00:15.0039|INFO|ScadaSystem.ViewModels.DeviceViewModel|写入成功 
2025-03-26 16:00:15.1482|INFO|ScadaSystem.ViewModels.DeviceViewModel|写入成功 
2025-03-26 16:00:15.4677|INFO|ScadaSystem.ViewModels.DeviceViewModel|写入成功 
2025-03-26 16:00:15.7339|INFO|ScadaSystem.ViewModels.DeviceViewModel|写入成功 
2025-03-26 16:00:16.0147|INFO|ScadaSystem.ViewModels.DeviceViewModel|写入成功 
2025-03-26 16:00:16.2643|INFO|ScadaSystem.ViewModels.DeviceViewModel|写入成功 
2025-03-26 16:00:16.5477|INFO|ScadaSystem.ViewModels.DeviceViewModel|写入成功 
2025-03-26 16:00:16.7565|INFO|ScadaSystem.ViewModels.DeviceViewModel|写入成功 
2025-03-26 16:00:17.0117|INFO|ScadaSystem.ViewModels.DeviceViewModel|写入成功 
2025-03-26 16:00:17.3106|INFO|ScadaSystem.ViewModels.DeviceViewModel|写入成功 
2025-03-26 16:00:17.6487|INFO|ScadaSystem.ViewModels.DeviceViewModel|写入成功 
2025-03-26 16:00:17.9236|INFO|ScadaSystem.ViewModels.DeviceViewModel|写入成功 
2025-03-26 16:00:18.1783|INFO|ScadaSystem.ViewModels.DeviceViewModel|写入成功 
2025-03-26 16:00:18.4882|INFO|ScadaSystem.ViewModels.DeviceViewModel|写入成功 
2025-03-26 16:00:18.6832|INFO|ScadaSystem.ViewModels.DeviceViewModel|写入成功 
2025-03-26 16:00:18.7999|INFO|ScadaSystem.ViewModels.DeviceViewModel|写入成功 
2025-03-26 16:00:18.9298|INFO|ScadaSystem.ViewModels.DeviceViewModel|写入成功 
2025-03-26 16:00:19.1081|INFO|ScadaSystem.ViewModels.DeviceViewModel|写入成功 
2025-03-26 16:00:19.2401|INFO|ScadaSystem.ViewModels.DeviceViewModel|写入成功 
2025-03-26 16:03:23.5728|INFO|ScadaSystem.ViewModels.DeviceViewModel|TotalStop写入成功 
2025-03-26 16:03:24.4526|INFO|ScadaSystem.ViewModels.DeviceViewModel|TotalStart写入成功 
2025-03-26 16:03:24.9013|INFO|ScadaSystem.ViewModels.DeviceViewModel|TotalStart写入成功 
2025-03-26 16:03:25.5000|INFO|ScadaSystem.ViewModels.DeviceViewModel|TotalStart写入成功 
2025-03-26 16:03:26.5891|INFO|ScadaSystem.ViewModels.DeviceViewModel|TotalStart写入成功 
2025-03-26 16:05:16.7120|INFO|ScadaSystem.ViewModels.MainViewModel|测试日志 
2025-03-26 16:05:16.7224|INFO|ScadaSystem.ViewModels.MainViewModel|127.0.0.1 
2025-03-26 16:05:16.7224|INFO|ScadaSystem.ViewModels.MainViewModel|102 
2025-03-26 16:05:20.6396|INFO|ScadaSystem.ViewModels.DeviceViewModel|TotalStart写入成功 
2025-03-26 16:05:20.8245|INFO|ScadaSystem.ViewModels.DeviceViewModel|TotalStart写入成功 
2025-03-26 16:05:20.9804|INFO|ScadaSystem.ViewModels.DeviceViewModel|TotalStart写入成功 
2025-03-26 16:05:21.1491|INFO|ScadaSystem.ViewModels.DeviceViewModel|TotalStart写入成功 
2025-03-26 16:05:21.2853|INFO|ScadaSystem.ViewModels.DeviceViewModel|TotalStart写入成功 
2025-03-26 16:05:21.5316|INFO|ScadaSystem.ViewModels.DeviceViewModel|TotalStop写入成功 
2025-03-26 16:05:21.6587|INFO|ScadaSystem.ViewModels.DeviceViewModel|TotalStop写入成功 
2025-03-26 16:05:46.8838|INFO|ScadaSystem.ViewModels.MainViewModel|测试日志 
2025-03-26 16:05:46.8965|INFO|ScadaSystem.ViewModels.MainViewModel|127.0.0.1 
2025-03-26 16:05:46.8965|INFO|ScadaSystem.ViewModels.MainViewModel|102 
2025-03-26 16:05:51.6948|INFO|ScadaSystem.ViewModels.DeviceViewModel|TotalStart写入成功 
2025-03-26 16:05:51.8184|INFO|ScadaSystem.ViewModels.DeviceViewModel|TotalStart写入成功 
2025-03-26 16:05:51.9465|INFO|ScadaSystem.ViewModels.DeviceViewModel|TotalStart写入成功 
2025-03-26 16:06:29.2809|INFO|ScadaSystem.ViewModels.MainViewModel|测试日志 
2025-03-26 16:06:29.2809|INFO|ScadaSystem.ViewModels.MainViewModel|127.0.0.1 
2025-03-26 16:06:29.2809|INFO|ScadaSystem.ViewModels.MainViewModel|102 
2025-03-26 16:06:32.9828|INFO|ScadaSystem.ViewModels.DeviceViewModel|TotalStop写入成功 
2025-03-26 16:06:33.1410|INFO|ScadaSystem.ViewModels.DeviceViewModel|TotalStop写入成功 
2025-03-26 16:06:33.3480|INFO|ScadaSystem.ViewModels.DeviceViewModel|TotalStop写入成功 
2025-03-26 16:06:33.7048|INFO|ScadaSystem.ViewModels.DeviceViewModel|MechanicalReset写入成功 
2025-03-26 16:06:33.8324|INFO|ScadaSystem.ViewModels.DeviceViewModel|MechanicalReset写入成功 
2025-03-26 16:06:44.6680|INFO|ScadaSystem.ViewModels.DeviceViewModel|MechanicalReset写入成功 
2025-03-26 16:06:44.8115|INFO|ScadaSystem.ViewModels.DeviceViewModel|MechanicalReset写入成功 
2025-03-26 16:06:45.5972|INFO|ScadaSystem.ViewModels.DeviceViewModel|MechanicalReset写入成功 
2025-03-26 16:06:45.7628|INFO|ScadaSystem.ViewModels.DeviceViewModel|MechanicalReset写入成功 
2025-03-26 16:06:46.2415|INFO|ScadaSystem.ViewModels.DeviceViewModel|TotalStop写入成功 
2025-03-26 16:06:46.4011|INFO|ScadaSystem.ViewModels.DeviceViewModel|TotalStop写入成功 
2025-03-26 16:06:46.8703|INFO|ScadaSystem.ViewModels.DeviceViewModel|MechanicalReset写入成功 
2025-03-26 16:06:47.0075|INFO|ScadaSystem.ViewModels.DeviceViewModel|MechanicalReset写入成功 
2025-03-26 16:06:47.4111|INFO|ScadaSystem.ViewModels.DeviceViewModel|TotalStop写入成功 
2025-03-26 16:06:47.6664|INFO|ScadaSystem.ViewModels.DeviceViewModel|TotalStart写入成功 
2025-03-26 16:07:10.4360|INFO|ScadaSystem.ViewModels.DeviceViewModel|AlarmReset写入成功 
2025-03-26 16:07:12.6065|INFO|ScadaSystem.ViewModels.DeviceViewModel|AlarmReset写入成功 
2025-03-26 16:07:13.0323|INFO|ScadaSystem.ViewModels.DeviceViewModel|MechanicalReset写入成功 
2025-03-26 16:07:13.3170|INFO|ScadaSystem.ViewModels.DeviceViewModel|TotalStop写入成功 
2025-03-26 16:07:13.6118|INFO|ScadaSystem.ViewModels.DeviceViewModel|TotalStart写入成功 
2025-03-26 16:07:15.3542|INFO|ScadaSystem.ViewModels.DeviceViewModel|AlarmReset写入成功 
2025-03-26 16:07:16.0363|INFO|ScadaSystem.ViewModels.DeviceViewModel|MechanicalReset写入成功 
2025-03-26 16:07:16.2058|INFO|ScadaSystem.ViewModels.DeviceViewModel|MechanicalReset写入成功 
2025-03-26 16:07:16.3753|INFO|ScadaSystem.ViewModels.DeviceViewModel|TotalStop写入成功 
2025-03-26 16:07:16.6717|INFO|ScadaSystem.ViewModels.DeviceViewModel|TotalStart写入成功 
2025-03-26 16:07:16.8442|INFO|ScadaSystem.ViewModels.DeviceViewModel|TotalStart写入成功 
2025-03-26 16:07:17.1185|INFO|ScadaSystem.ViewModels.DeviceViewModel|TotalStop写入成功 
2025-03-26 16:07:17.2341|INFO|ScadaSystem.ViewModels.DeviceViewModel|TotalStop写入成功 
2025-03-26 16:07:17.4340|INFO|ScadaSystem.ViewModels.DeviceViewModel|TotalStop写入成功 
2025-03-26 16:07:17.6739|INFO|ScadaSystem.ViewModels.DeviceViewModel|AlarmReset写入成功 
2025-03-26 16:07:17.8326|INFO|ScadaSystem.ViewModels.DeviceViewModel|AlarmReset写入成功 
2025-03-26 16:07:19.7415|INFO|ScadaSystem.ViewModels.DeviceViewModel|AlarmReset写入成功 
2025-03-26 16:07:20.0026|INFO|ScadaSystem.ViewModels.DeviceViewModel|MechanicalReset写入成功 
2025-03-26 16:07:20.1258|INFO|ScadaSystem.ViewModels.DeviceViewModel|MechanicalReset写入成功 
2025-03-26 16:07:20.9059|INFO|ScadaSystem.ViewModels.DeviceViewModel|AlarmReset写入成功 
2025-03-26 16:07:21.1724|INFO|ScadaSystem.ViewModels.DeviceViewModel|IdleRun写入成功 
2025-03-26 16:07:21.3207|INFO|ScadaSystem.ViewModels.DeviceViewModel|IdleRun写入成功 
2025-03-26 16:07:42.7833|INFO|ScadaSystem.ViewModels.MainViewModel|测试日志 
2025-03-26 16:07:42.7949|INFO|ScadaSystem.ViewModels.MainViewModel|127.0.0.1 
2025-03-26 16:07:42.7949|INFO|ScadaSystem.ViewModels.MainViewModel|102 
2025-03-26 16:07:49.1360|INFO|ScadaSystem.ViewModels.DeviceViewModel|MechanicalReset写入成功 
2025-03-26 16:07:49.4685|INFO|ScadaSystem.ViewModels.DeviceViewModel|TotalStop写入成功 
2025-03-26 16:07:49.8199|INFO|ScadaSystem.ViewModels.DeviceViewModel|TotalStart写入成功 
2025-03-26 16:07:50.2887|INFO|ScadaSystem.ViewModels.DeviceViewModel|AlarmReset写入成功 
2025-03-26 16:07:51.0708|INFO|ScadaSystem.ViewModels.DeviceViewModel|IdleRun写入成功 
2025-03-26 16:07:51.2808|INFO|ScadaSystem.ViewModels.DeviceViewModel|AlarmReset写入成功 
2025-03-26 16:07:51.5309|INFO|ScadaSystem.ViewModels.DeviceViewModel|MechanicalReset写入成功 
2025-03-26 16:07:51.7620|INFO|ScadaSystem.ViewModels.DeviceViewModel|TotalStop写入成功 
2025-03-26 16:07:53.1595|INFO|ScadaSystem.ViewModels.DeviceViewModel|TotalStop写入成功 
2025-03-26 16:07:53.4135|INFO|ScadaSystem.ViewModels.DeviceViewModel|MechanicalReset写入成功 
2025-03-26 16:07:53.5723|INFO|ScadaSystem.ViewModels.DeviceViewModel|MechanicalReset写入成功 
2025-03-26 16:07:53.7887|INFO|ScadaSystem.ViewModels.DeviceViewModel|AlarmReset写入成功 
2025-03-26 16:07:53.9301|INFO|ScadaSystem.ViewModels.DeviceViewModel|AlarmReset写入成功 
2025-03-26 16:07:54.4622|INFO|ScadaSystem.ViewModels.DeviceViewModel|AlarmReset写入成功 
2025-03-26 16:07:54.7037|INFO|ScadaSystem.ViewModels.DeviceViewModel|TotalStop写入成功 
2025-03-26 16:07:55.1017|INFO|ScadaSystem.ViewModels.DeviceViewModel|TotalStart写入成功 
2025-03-26 16:07:55.3046|INFO|ScadaSystem.ViewModels.DeviceViewModel|TotalStart写入成功 
2025-03-26 16:07:56.9699|INFO|ScadaSystem.ViewModels.DeviceViewModel|AlarmReset写入成功 
2025-03-26 16:07:57.1937|INFO|ScadaSystem.ViewModels.DeviceViewModel|MechanicalReset写入成功 
2025-03-26 16:07:57.3330|INFO|ScadaSystem.ViewModels.DeviceViewModel|MechanicalReset写入成功 
2025-03-26 16:07:57.4804|INFO|ScadaSystem.ViewModels.DeviceViewModel|MechanicalReset写入成功 
2025-03-26 16:14:53.4965|INFO|ScadaSystem.ViewModels.MainViewModel|测试日志 
2025-03-26 16:14:53.4965|INFO|ScadaSystem.ViewModels.MainViewModel|127.0.0.1 
2025-03-26 16:14:53.4965|INFO|ScadaSystem.ViewModels.MainViewModel|102 
2025-03-26 16:19:45.2369|INFO|ScadaSystem.ViewModels.MainViewModel|测试日志 
2025-03-26 16:19:45.2484|INFO|ScadaSystem.ViewModels.MainViewModel|127.0.0.1 
2025-03-26 16:19:45.2484|INFO|ScadaSystem.ViewModels.MainViewModel|102 
2025-03-26 16:40:10.7698|INFO|ScadaSystem.ViewModels.MainViewModel|测试日志 
2025-03-26 16:40:10.7812|INFO|ScadaSystem.ViewModels.MainViewModel|127.0.0.1 
2025-03-26 16:40:10.7812|INFO|ScadaSystem.ViewModels.MainViewModel|102 
2025-03-26 16:42:40.8688|INFO|ScadaSystem.ViewModels.MainViewModel|测试日志 
2025-03-26 16:42:40.8796|INFO|ScadaSystem.ViewModels.MainViewModel|127.0.0.1 
2025-03-26 16:42:40.8796|INFO|ScadaSystem.ViewModels.MainViewModel|102 
2025-03-26 16:43:19.8525|INFO|ScadaSystem.ViewModels.DeviceViewModel|DegreasingStationOpen写入成功 
2025-03-26 16:52:25.9107|INFO|ScadaSystem.ViewModels.MainViewModel|测试日志 
2025-03-26 16:52:25.9220|INFO|ScadaSystem.ViewModels.MainViewModel|127.0.0.1 
2025-03-26 16:52:25.9220|INFO|ScadaSystem.ViewModels.MainViewModel|102 
2025-03-26 16:58:19.8410|INFO|ScadaSystem.ViewModels.MainViewModel|测试日志 
2025-03-26 16:58:19.8410|INFO|ScadaSystem.ViewModels.MainViewModel|127.0.0.1 
2025-03-26 16:58:19.8410|INFO|ScadaSystem.ViewModels.MainViewModel|102 
2025-03-26 16:59:07.4832|INFO|ScadaSystem.ViewModels.MainViewModel|测试日志 
2025-03-26 16:59:07.4832|INFO|ScadaSystem.ViewModels.MainViewModel|127.0.0.1 
2025-03-26 16:59:07.4832|INFO|ScadaSystem.ViewModels.MainViewModel|102 
2025-03-26 17:01:48.2832|INFO|ScadaSystem.ViewModels.MainViewModel|测试日志 
2025-03-26 17:01:48.2953|INFO|ScadaSystem.ViewModels.MainViewModel|127.0.0.1 
2025-03-26 17:01:48.2953|INFO|ScadaSystem.ViewModels.MainViewModel|102 
2025-03-26 17:02:37.3771|INFO|ScadaSystem.ViewModels.MainViewModel|测试日志 
2025-03-26 17:02:37.3889|INFO|ScadaSystem.ViewModels.MainViewModel|127.0.0.1 
2025-03-26 17:02:37.3889|INFO|ScadaSystem.ViewModels.MainViewModel|102 
2025-03-26 17:13:02.2310|INFO|ScadaSystem.ViewModels.MainViewModel|测试日志 
2025-03-26 17:13:02.2310|INFO|ScadaSystem.ViewModels.MainViewModel|127.0.0.1 
2025-03-26 17:13:02.2310|INFO|ScadaSystem.ViewModels.MainViewModel|102 
2025-03-26 17:14:21.8199|INFO|ScadaSystem.ViewModels.MainViewModel|测试日志 
2025-03-26 17:14:21.8318|INFO|ScadaSystem.ViewModels.MainViewModel|127.0.0.1 
2025-03-26 17:14:21.8318|INFO|ScadaSystem.ViewModels.MainViewModel|102 
2025-03-26 17:16:52.8131|INFO|ScadaSystem.ViewModels.MainViewModel|测试日志 
2025-03-26 17:16:52.8131|INFO|ScadaSystem.ViewModels.MainViewModel|127.0.0.1 
2025-03-26 17:16:52.8131|INFO|ScadaSystem.ViewModels.MainViewModel|102 
2025-03-26 17:21:14.7149|INFO|ScadaSystem.ViewModels.MainViewModel|测试日志 
2025-03-26 17:21:14.7149|INFO|ScadaSystem.ViewModels.MainViewModel|127.0.0.1 
2025-03-26 17:21:14.7149|INFO|ScadaSystem.ViewModels.MainViewModel|102 
2025-03-26 17:22:22.9784|INFO|ScadaSystem.ViewModels.MainViewModel|测试日志 
2025-03-26 17:22:22.9891|INFO|ScadaSystem.ViewModels.MainViewModel|127.0.0.1 
2025-03-26 17:22:22.9891|INFO|ScadaSystem.ViewModels.MainViewModel|102 
2025-03-26 17:22:56.5701|INFO|ScadaSystem.ViewModels.DeviceViewModel|DegreasingStationOpen写入成功 
2025-03-26 17:22:56.5701|INFO|ScadaSystem.ViewModels.DeviceViewModel|DegreasingStationClose写入成功 
2025-03-26 17:25:31.9662|INFO|ScadaSystem.ViewModels.MainViewModel|测试日志 
2025-03-26 17:25:31.9662|INFO|ScadaSystem.ViewModels.MainViewModel|127.0.0.1 
2025-03-26 17:25:31.9662|INFO|ScadaSystem.ViewModels.MainViewModel|102 
2025-03-26 17:38:09.5579|INFO|ScadaSystem.ViewModels.MainViewModel|测试日志 
2025-03-26 17:38:09.5712|INFO|ScadaSystem.ViewModels.MainViewModel|127.0.0.1 
2025-03-26 17:38:09.5712|INFO|ScadaSystem.ViewModels.MainViewModel|102 
2025-03-26 17:39:38.4759|INFO|ScadaSystem.ViewModels.DeviceViewModel|DegreasingStationOpen写入成功 
2025-03-26 17:39:41.4410|INFO|ScadaSystem.ViewModels.DeviceViewModel|DegreasingStationClose写入成功 
2025-03-26 17:41:51.6393|INFO|ScadaSystem.ViewModels.MainViewModel|测试日志 
2025-03-26 17:41:51.6526|INFO|ScadaSystem.ViewModels.MainViewModel|127.0.0.1 
2025-03-26 17:41:51.6526|INFO|ScadaSystem.ViewModels.MainViewModel|102 
2025-03-26 17:45:07.5277|INFO|ScadaSystem.ViewModels.MainViewModel|测试日志 
2025-03-26 17:45:07.5277|INFO|ScadaSystem.ViewModels.MainViewModel|127.0.0.1 
2025-03-26 17:45:07.5277|INFO|ScadaSystem.ViewModels.MainViewModel|102 
2025-03-26 17:46:24.3374|INFO|ScadaSystem.ViewModels.MainViewModel|测试日志 
2025-03-26 17:46:24.3504|INFO|ScadaSystem.ViewModels.MainViewModel|127.0.0.1 
2025-03-26 17:46:24.3504|INFO|ScadaSystem.ViewModels.MainViewModel|102 
2025-03-26 17:47:53.9189|INFO|ScadaSystem.ViewModels.MainViewModel|测试日志 
2025-03-26 17:47:53.9189|INFO|ScadaSystem.ViewModels.MainViewModel|127.0.0.1 
2025-03-26 17:47:53.9189|INFO|ScadaSystem.ViewModels.MainViewModel|102 
2025-03-26 17:48:38.7714|INFO|ScadaSystem.ViewModels.DeviceViewModel|DegreasingStationOpen写入成功 
2025-03-26 17:48:43.5921|INFO|ScadaSystem.ViewModels.DeviceViewModel|DegreasingStationClose写入成功 
2025-03-26 17:49:15.4915|INFO|ScadaSystem.ViewModels.DeviceViewModel|DegreasingStationOpen写入成功 
2025-03-26 17:49:16.1162|INFO|ScadaSystem.ViewModels.DeviceViewModel|DegreasingStationClose写入成功 
2025-03-26 17:49:27.6234|INFO|ScadaSystem.ViewModels.DeviceViewModel|DegreasingStationOpen写入成功 
2025-03-26 17:49:27.6234|INFO|ScadaSystem.ViewModels.DeviceViewModel|DegreasingStationClose写入成功 
2025-03-26 17:49:41.6768|INFO|ScadaSystem.ViewModels.MainViewModel|测试日志 
2025-03-26 17:49:41.6876|INFO|ScadaSystem.ViewModels.MainViewModel|127.0.0.1 
2025-03-26 17:49:41.6876|INFO|ScadaSystem.ViewModels.MainViewModel|102 
2025-03-26 17:50:00.2693|INFO|ScadaSystem.ViewModels.DeviceViewModel|DegreasingStationOpen写入成功 
2025-03-26 17:50:00.2693|INFO|ScadaSystem.ViewModels.DeviceViewModel|DegreasingStationClose写入成功 
2025-03-26 17:50:27.3871|INFO|ScadaSystem.ViewModels.DeviceViewModel|DegreasingStationOpen写入成功 
2025-03-26 17:50:27.3871|INFO|ScadaSystem.ViewModels.DeviceViewModel|DegreasingStationClose写入成功 
2025-03-26 17:51:57.9325|INFO|ScadaSystem.ViewModels.MainViewModel|测试日志 
2025-03-26 17:51:57.9447|INFO|ScadaSystem.ViewModels.MainViewModel|127.0.0.1 
2025-03-26 17:51:57.9447|INFO|ScadaSystem.ViewModels.MainViewModel|102 
2025-03-26 17:52:08.1360|INFO|ScadaSystem.ViewModels.DeviceViewModel|DegreasingStationOpen写入成功 
2025-03-26 17:52:08.1371|INFO|ScadaSystem.ViewModels.DeviceViewModel|DegreasingStationClose写入成功 
2025-03-26 17:52:09.6828|INFO|ScadaSystem.ViewModels.DeviceViewModel|DegreasingStationOpen写入成功 
2025-03-26 17:52:09.6828|INFO|ScadaSystem.ViewModels.DeviceViewModel|DegreasingStationClose写入成功 
2025-03-26 17:52:11.5563|INFO|ScadaSystem.ViewModels.DeviceViewModel|DegreasingStationOpen写入成功 
2025-03-26 17:52:11.5563|INFO|ScadaSystem.ViewModels.DeviceViewModel|DegreasingStationClose写入成功 
2025-03-26 17:52:20.7360|INFO|ScadaSystem.ViewModels.DeviceViewModel|DegreasingStationOpen写入成功 
2025-03-26 17:52:20.7360|INFO|ScadaSystem.ViewModels.DeviceViewModel|DegreasingStationClose写入成功 
2025-03-26 17:59:24.0289|INFO|ScadaSystem.ViewModels.MainViewModel|测试日志 
2025-03-26 17:59:24.0289|INFO|ScadaSystem.ViewModels.MainViewModel|127.0.0.1 
2025-03-26 17:59:24.0289|INFO|ScadaSystem.ViewModels.MainViewModel|102 
2025-03-26 17:59:28.2018|INFO|ScadaSystem.ViewModels.DeviceViewModel|DegreasingStationOpen写入成功 
2025-03-26 17:59:28.2018|INFO|ScadaSystem.ViewModels.DeviceViewModel|DegreasingStationClose写入成功 
2025-03-26 17:59:29.4524|INFO|ScadaSystem.ViewModels.DeviceViewModel|DegreasingStationOpen写入成功 
2025-03-26 17:59:29.4524|INFO|ScadaSystem.ViewModels.DeviceViewModel|DegreasingStationClose写入成功 
2025-03-26 17:59:30.3072|INFO|ScadaSystem.ViewModels.DeviceViewModel|DegreasingStationOpen写入成功 
2025-03-26 17:59:30.3072|INFO|ScadaSystem.ViewModels.DeviceViewModel|DegreasingStationClose写入成功 
2025-03-26 17:59:30.6523|INFO|ScadaSystem.ViewModels.DeviceViewModel|DegreasingStationOpen写入成功 
2025-03-26 17:59:30.6523|INFO|ScadaSystem.ViewModels.DeviceViewModel|DegreasingStationClose写入成功 
2025-03-26 18:04:24.1535|INFO|ScadaSystem.ViewModels.MainViewModel|测试日志 
2025-03-26 18:04:24.1535|INFO|ScadaSystem.ViewModels.MainViewModel|127.0.0.1 
2025-03-26 18:04:24.1535|INFO|ScadaSystem.ViewModels.MainViewModel|102 
2025-03-26 18:04:28.0208|INFO|ScadaSystem.ViewModels.DeviceViewModel|DegreasingStationOpen写入成功 
2025-03-26 18:04:28.0208|INFO|ScadaSystem.ViewModels.DeviceViewModel|DegreasingStationClose写入成功 
2025-03-26 18:04:28.6286|INFO|ScadaSystem.ViewModels.DeviceViewModel|DegreasingStationOpen写入成功 
2025-03-26 18:04:28.6286|INFO|ScadaSystem.ViewModels.DeviceViewModel|DegreasingStationClose写入成功 
2025-03-26 18:04:30.2467|INFO|ScadaSystem.ViewModels.DeviceViewModel|RoughWashingStationOpen写入成功 
2025-03-26 18:04:30.2467|INFO|ScadaSystem.ViewModels.DeviceViewModel|RoughWashingStationClose写入成功 
2025-03-26 18:04:30.9597|INFO|ScadaSystem.ViewModels.DeviceViewModel|RoughWashingStationOpen写入成功 
2025-03-26 18:04:30.9597|INFO|ScadaSystem.ViewModels.DeviceViewModel|RoughWashingStationClose写入成功 
2025-03-26 18:04:31.5832|INFO|ScadaSystem.ViewModels.DeviceViewModel|CeramicCoatingStationOpen写入成功 
2025-03-26 18:04:31.5832|INFO|ScadaSystem.ViewModels.DeviceViewModel|CeramicCoatingStationClose写入成功 
2025-03-26 18:04:31.8675|INFO|ScadaSystem.ViewModels.DeviceViewModel|CeramicCoatingStationOpen写入成功 
2025-03-26 18:04:31.8675|INFO|ScadaSystem.ViewModels.DeviceViewModel|CeramicCoatingStationClose写入成功 
2025-03-26 18:04:32.4151|INFO|ScadaSystem.ViewModels.DeviceViewModel|FineWashingStationOpen写入成功 
2025-03-26 18:04:32.4151|INFO|ScadaSystem.ViewModels.DeviceViewModel|FineWashingStationClose写入成功 
2025-03-26 18:04:33.2088|INFO|ScadaSystem.ViewModels.DeviceViewModel|ConveyorStationOpen写入成功 
2025-03-26 18:04:33.2088|INFO|ScadaSystem.ViewModels.DeviceViewModel|ConveyorStationClose写入成功 
2025-03-26 18:04:33.3374|INFO|ScadaSystem.ViewModels.DeviceViewModel|ConveyorStationOpen写入成功 
2025-03-26 18:04:33.3374|INFO|ScadaSystem.ViewModels.DeviceViewModel|ConveyorStationClose写入成功 
2025-03-26 18:04:36.3222|INFO|ScadaSystem.ViewModels.DeviceViewModel|CuringOvenStationOpen写入成功 
2025-03-26 18:04:36.3222|INFO|ScadaSystem.ViewModels.DeviceViewModel|CuringOvenStationClose写入成功 
2025-03-26 18:04:37.3877|INFO|ScadaSystem.ViewModels.DeviceViewModel|CuringOvenStationOpen写入成功 
2025-03-26 18:04:37.3877|INFO|ScadaSystem.ViewModels.DeviceViewModel|CuringOvenStationClose写入成功 
2025-03-26 18:04:38.4295|INFO|ScadaSystem.ViewModels.DeviceViewModel|MoistureFurnaceStationOpen写入成功 
2025-03-26 18:04:38.4295|INFO|ScadaSystem.ViewModels.DeviceViewModel|MoistureFurnaceStationClose写入成功 
2025-03-26 18:04:39.1488|INFO|ScadaSystem.ViewModels.DeviceViewModel|MoistureFurnaceStationOpen写入成功 
2025-03-26 18:04:39.1488|INFO|ScadaSystem.ViewModels.DeviceViewModel|MoistureFurnaceStationClose写入成功 
2025-03-26 18:05:21.0442|INFO|ScadaSystem.ViewModels.MainViewModel|测试日志 
2025-03-26 18:05:21.0442|INFO|ScadaSystem.ViewModels.MainViewModel|127.0.0.1 
2025-03-26 18:05:21.0442|INFO|ScadaSystem.ViewModels.MainViewModel|102 
2025-03-26 18:05:52.1156|INFO|ScadaSystem.ViewModels.MainViewModel|测试日志 
2025-03-26 18:05:52.1272|INFO|ScadaSystem.ViewModels.MainViewModel|127.0.0.1 
2025-03-26 18:05:52.1272|INFO|ScadaSystem.ViewModels.MainViewModel|102 
2025-03-26 18:06:46.0364|INFO|ScadaSystem.ViewModels.MainViewModel|测试日志 
2025-03-26 18:06:46.0495|INFO|ScadaSystem.ViewModels.MainViewModel|127.0.0.1 
2025-03-26 18:06:46.0495|INFO|ScadaSystem.ViewModels.MainViewModel|102 
2025-03-26 18:06:52.0100|INFO|ScadaSystem.ViewModels.DeviceViewModel|CoolingRoomStationOpen写入成功 
2025-03-26 18:06:52.0100|INFO|ScadaSystem.ViewModels.DeviceViewModel|CoolingRoomStationClose写入成功 
2025-03-26 18:06:54.6225|INFO|ScadaSystem.ViewModels.DeviceViewModel|CoolingRoomStationOpen写入成功 
2025-03-26 18:06:54.6225|INFO|ScadaSystem.ViewModels.DeviceViewModel|CoolingRoomStationClose写入成功 
