info: Microsoft.Hosting.Lifetime[0]
      Application started. Press Ctrl+C to shut down.
info: Microsoft.Hosting.Lifetime[0]
      Hosting environment: Development
info: Microsoft.Hosting.Lifetime[0]
      Content root path: D:\pragma\C# Project\MyToDo\MyToDo.Api
info: Microsoft.EntityFrameworkCore.Database.Command[20101]
      Executed DbCommand (18ms) [Parameters=[@__account_0='?' (Size = 3), @__password_1='?' (Size = 24)], CommandType='Text', CommandTimeout='30']
      SELECT "u"."Id", "u"."Account", "u"."CreateDate", "u"."Name", "u"."Password", "u"."Updatedate"
      FROM "User" AS "u"
      WHERE "u"."Account" = @__account_0 AND "u"."Password" = @__password_1
      LIMIT 1
info: Microsoft.EntityFrameworkCore.Database.Command[20101]
      Executed DbCommand (0ms) [Parameters=[], CommandType='Text', CommandTimeout='30']
      SELECT "t"."Id", "t"."Content", "t"."CreateDate", "t"."Status", "t"."Title", "t"."Updatedate"
      FROM "ToDo" AS "t"
      ORDER BY "t"."CreateDate" DESC
info: Microsoft.EntityFrameworkCore.Database.Command[20101]
      Executed DbCommand (1ms) [Parameters=[], CommandType='Text', CommandTimeout='30']
      SELECT "t"."Id", "t"."Content", "t"."CreateDate", "t"."Status", "t"."Title", "t"."Updatedate"
      FROM "ToDo" AS "t"
      ORDER BY "t"."CreateDate" DESC
info: Microsoft.EntityFrameworkCore.Database.Command[20101]
      Executed DbCommand (0ms) [Parameters=[], CommandType='Text', CommandTimeout='30']
      SELECT "m"."Id", "m"."Content", "m"."CreateDate", "m"."Title", "m"."Updatedate"
      FROM "Memo" AS "m"
      ORDER BY "m"."CreateDate" DESC
info: Microsoft.EntityFrameworkCore.Database.Command[20101]
      Executed DbCommand (0ms) [Parameters=[], CommandType='Text', CommandTimeout='30']
      SELECT "m"."Id", "m"."Content", "m"."CreateDate", "m"."Title", "m"."Updatedate"
      FROM "Memo" AS "m"
      ORDER BY "m"."CreateDate" DESC
info: Microsoft.EntityFrameworkCore.Database.Command[20101]
      Executed DbCommand (0ms) [Parameters=[], CommandType='Text', CommandTimeout='30']
      SELECT COUNT(*)
      FROM "ToDo" AS "t"
info: Microsoft.EntityFrameworkCore.Database.Command[20101]
      Executed DbCommand (0ms) [Parameters=[], CommandType='Text', CommandTimeout='30']
      SELECT COUNT(*)
      FROM "ToDo" AS "t"
info: Microsoft.EntityFrameworkCore.Database.Command[20101]
      Executed DbCommand (1ms) [Parameters=[@__p_1='?' (DbType = Int32), @__p_0='?' (DbType = Int32)], CommandType='Text', CommandTimeout='30']
      SELECT "t"."Id", "t"."Content", "t"."CreateDate", "t"."Status", "t"."Title", "t"."Updatedate"
      FROM "ToDo" AS "t"
      ORDER BY "t"."Title" DESC
      LIMIT @__p_1 OFFSET @__p_0
info: Microsoft.EntityFrameworkCore.Database.Command[20101]
      Executed DbCommand (1ms) [Parameters=[@__p_1='?' (DbType = Int32), @__p_0='?' (DbType = Int32)], CommandType='Text', CommandTimeout='30']
      SELECT "t"."Id", "t"."Content", "t"."CreateDate", "t"."Status", "t"."Title", "t"."Updatedate"
      FROM "ToDo" AS "t"
      ORDER BY "t"."Title" DESC
      LIMIT @__p_1 OFFSET @__p_0
info: Microsoft.EntityFrameworkCore.Database.Command[20101]
      Executed DbCommand (0ms) [Parameters=[@__id_0='?' (DbType = Int32)], CommandType='Text', CommandTimeout='30']
      SELECT "t"."Id", "t"."Content", "t"."CreateDate", "t"."Status", "t"."Title", "t"."Updatedate"
      FROM "ToDo" AS "t"
      WHERE "t"."Id" = @__id_0
      LIMIT 1
info: Microsoft.EntityFrameworkCore.Database.Command[20101]
      Executed DbCommand (0ms) [Parameters=[@p0='?' (DbType = Int32)], CommandType='Text', CommandTimeout='30']
      DELETE FROM "ToDo"
      WHERE "Id" = @p0
      RETURNING 1;
info: Microsoft.EntityFrameworkCore.Database.Command[20101]
      Executed DbCommand (0ms) [Parameters=[@__id_0='?' (DbType = Int32)], CommandType='Text', CommandTimeout='30']
      SELECT "t"."Id", "t"."Content", "t"."CreateDate", "t"."Status", "t"."Title", "t"."Updatedate"
      FROM "ToDo" AS "t"
      WHERE "t"."Id" = @__id_0
      LIMIT 1
info: Microsoft.EntityFrameworkCore.Database.Command[20101]
      Executed DbCommand (0